Currently on spaced seed: 11111111
1000
2000
3000
4000
5000
6000
7000
8000
9000
10000
11000
12000
13000
14000
15000
16000
17000
18000
19000
20000
21000
22000
23000
24000
25000
26000
27000
28000
29000
30000
31000
32000
33000
34000
35000
36000
37000
38000
39000
40000
41000
Currently on spaced seed: 1.1111111
1000
2000
3000
4000
5000
6000
7000
8000
9000
10000
11000
12000
13000
14000
15000
16000
17000
18000
19000
20000
21000
22000
23000
24000
25000
26000
27000
28000
29000
30000
31000
32000
33000
34000
35000
36000
37000
38000
39000
40000
41000
Currently on spaced seed: 11.111111
1000
2000
3000
4000
5000
6000
7000
8000
9000
10000
11000
12000
13000
14000
15000
16000
17000
18000
19000
20000
21000
22000
23000
24000
25000
26000
27000
28000
29000
30000
31000
32000
33000
34000
35000
36000
37000
38000
39000
40000
41000
Currently on spaced seed: 111.11111
1000
2000
3000
4000
5000
6000
7000
8000
9000
10000
11000
12000
13000
14000
15000
16000
17000
18000
19000
20000
21000
22000
23000
24000
25000
26000
27000
28000
29000
30000
31000
32000
33000
34000
35000
36000
37000
38000
39000
40000
41000
Currently on spaced seed: 1111.1111
1000
2000
3000
4000
5000
6000
7000
8000
9000
10000
11000
12000
13000
14000
15000
16000
17000
18000
19000
20000
21000
22000
23000
24000
25000
26000
27000
28000
29000
30000
31000
32000
33000
34000
35000
36000
37000
38000
39000
40000
41000
Currently on spaced seed: 1..1111111
1000
2000
3000
4000
5000
6000
7000
8000
9000
10000
11000
12000
13000
14000
15000
16000
17000
18000
19000
20000
21000
22000
23000
24000
25000
26000
27000
28000
29000
30000
31000
32000
33000
34000
35000
36000
37000
38000
39000
40000
41000
Currently on spaced seed: 1.1.111111
1000
2000
3000
4000
5000
6000
7000
8000
9000
10000
11000
12000
13000
14000
15000
16000
17000
18000
19000
20000
21000
22000
23000
24000
25000
26000
27000
28000
29000
30000
31000
32000
33000
34000
35000
36000
37000
38000
39000
40000
41000
Currently on spaced seed: 1.11.11111
1000
2000
3000
4000
5000
6000
7000
8000
9000
10000
11000
12000
13000
14000
15000
16000
17000
18000
19000
20000
21000
22000
23000
24000
25000
26000
27000
28000
29000
30000
31000
32000
33000
34000
35000
36000
37000
38000
39000
40000
41000
Currently on spaced seed: 1.111.1111
1000
2000
3000
4000
5000
6000
7000
8000
9000
10000
11000
12000
13000
14000
15000
16000
17000
18000
19000
20000
21000
22000
23000
24000
25000
26000
27000
28000
29000
30000
31000
32000
33000
34000
35000
36000
37000
38000
39000
40000
41000
Currently on spaced seed: 1.1111.111
1000
2000
3000
4000
5000
6000
7000
8000
9000
10000
11000
12000
13000
14000
15000
16000
17000
18000
19000
20000
21000
22000
23000
24000
25000
26000
27000
28000
29000
30000
31000
32000
33000
34000
35000
36000
37000
38000
39000
40000
41000
Currently on spaced seed: 1.11111.11
1000
2000
3000
4000
5000
6000
7000
8000
9000
10000
11000
12000
13000
14000
15000
16000
17000
18000
19000
20000
21000
22000
23000
24000
25000
26000
27000
28000
29000
30000
31000
32000
33000
34000
35000
36000
37000
38000
39000
40000
41000
Currently on spaced seed: 1.111111.1
1000
2000
3000
4000
5000
6000
7000
8000
9000
10000
11000
12000
13000
14000
15000
16000
17000
18000
19000
20000
21000
22000
23000
24000
25000
26000
27000
28000
29000
30000
31000
32000
33000
34000
35000
36000
37000
38000
39000
40000
41000
Currently on spaced seed: 11..111111
1000
2000
3000
4000
5000
6000
7000
8000
9000
10000
11000
12000
13000
14000
15000
16000
17000
18000
19000
20000
21000
22000
23000
24000
25000
26000
27000
28000
29000
30000
31000
32000
33000
34000
35000
36000
37000
38000
39000
40000
41000
Currently on spaced seed: 11.1.11111
1000
2000
3000
4000
5000
6000
7000
8000
9000
10000
11000
12000
13000
14000
15000
16000
17000
18000
19000
20000
21000
22000
23000
24000
25000
26000
27000
28000
29000
30000
31000
32000
33000
34000
35000
36000
37000
38000
39000
40000
41000
Currently on spaced seed: 11.11.1111
1000
2000
3000
4000
5000
6000
7000
8000
9000
10000
11000
12000
13000
14000
15000
16000
17000
18000
19000
20000
21000
22000
23000
24000
25000
26000
27000
28000
29000
30000
31000
32000
33000
34000
35000
36000
37000
38000
39000
40000
41000
Currently on spaced seed: 11.111.111
1000
2000
3000
4000
5000
6000
7000
8000
9000
10000
11000
12000
13000
14000
15000
16000
17000
18000
19000
20000
21000
22000
23000
24000
25000
26000
27000
28000
29000
30000
31000
32000
33000
34000
35000
36000
37000
38000
39000
40000
41000
Currently on spaced seed: 11.1111.11
1000
2000
3000
4000
5000
6000
7000
8000
9000
10000
11000
12000
13000
14000
15000
16000
17000
18000
19000
20000
21000
22000
23000
24000
25000
26000
27000
28000
29000
30000
31000
32000
33000
34000
35000
36000
37000
38000
39000
40000
41000
Currently on spaced seed: 111..11111
1000
2000
3000
4000
5000
6000
7000
8000
9000
10000
11000
12000
13000
14000
15000
16000
17000
18000
19000
20000
21000
22000
23000
24000
25000
26000
27000
28000
29000
30000
31000
32000
33000
34000
35000
36000
37000
38000
39000
40000
41000
Currently on spaced seed: 111.1.1111
1000
2000
3000
4000
5000
6000
7000
8000
9000
10000
11000
12000
13000
14000
15000
16000
17000
18000
19000
20000
21000
22000
23000
24000
25000
26000
27000
28000
29000
30000
31000
32000
33000
34000
35000
36000
37000
38000
39000
40000
41000
Currently on spaced seed: 111.11.111
1000
2000
3000
4000
5000
6000
7000
8000
9000
10000
11000
12000
13000
14000
15000
16000
17000
18000
19000
20000
21000
22000
23000
24000
25000
26000
27000
28000
29000
30000
31000
32000
33000
34000
35000
36000
37000
38000
39000
40000
41000
Currently on spaced seed: 1111..1111
1000
2000
3000
4000
5000
6000
7000
8000
9000
10000
11000
12000
13000
14000
15000
16000
17000
18000
19000
20000
21000
22000
23000
24000
25000
26000
27000
28000
29000
30000
31000
32000
33000
34000
35000
36000
37000
38000
39000
40000
41000
Finding top 3 seeds.
Currently on element ranked:	1
CCCGCCC..C	0.470162652637676
Currently on element ranked:	2
CGCCCC.CC	0.468025690751273
Currently on element ranked:	3
CGCGCG.T.C	0.458382804832923
reviewing spot 1000
reviewing spot 2000
reviewing spot 3000
reviewing spot 4000
reviewing spot 5000
reviewing spot 6000
reviewing spot 7000
reviewing spot 8000
reviewing spot 9000
reviewing spot 10000
reviewing spot 11000
reviewing spot 12000
reviewing spot 13000
reviewing spot 14000
reviewing spot 15000
reviewing spot 16000
reviewing spot 17000
reviewing spot 18000
reviewing spot 19000
reviewing spot 20000
reviewing spot 21000
reviewing spot 22000
reviewing spot 23000
reviewing spot 24000
reviewing spot 25000
reviewing spot 26000
reviewing spot 27000
reviewing spot 28000
reviewing spot 29000
reviewing spot 30000
reviewing spot 31000
reviewing spot 32000
reviewing spot 33000
reviewing spot 34000
reviewing spot 35000
reviewing spot 36000
reviewing spot 37000
reviewing spot 38000
reviewing spot 39000
reviewing spot 40000
reviewing spot 41000
Currently on spaced seed: 11111111
1000
2000
3000
4000
5000
6000
7000
8000
9000
10000
11000
12000
13000
14000
15000
16000
17000
18000
19000
20000
21000
22000
23000
24000
25000
26000
27000
28000
29000
30000
31000
32000
33000
34000
35000
36000
37000
38000
39000
40000
41000
Currently on spaced seed: 1.1111111
1000
2000
3000
4000
5000
6000
7000
8000
9000
10000
11000
12000
13000
14000
15000
16000
17000
18000
19000
20000
21000
22000
23000
24000
25000
26000
27000
28000
29000
30000
31000
32000
33000
34000
35000
36000
37000
38000
39000
40000
41000
Currently on spaced seed: 11.111111
1000
2000
3000
4000
5000
6000
7000
8000
9000
10000
11000
12000
13000
14000
15000
16000
17000
18000
19000
20000
21000
22000
23000
24000
25000
26000
27000
28000
29000
30000
31000
32000
33000
34000
35000
36000
37000
38000
39000
40000
41000
Currently on spaced seed: 111.11111
1000
2000
3000
4000
5000
6000
7000
8000
9000
10000
11000
12000
13000
14000
15000
16000
17000
18000
19000
20000
21000
22000
23000
24000
25000
26000
27000
28000
29000
30000
31000
32000
33000
34000
35000
36000
37000
38000
39000
40000
41000
Currently on spaced seed: 1111.1111
1000
2000
3000
4000
5000
6000
7000
8000
9000
10000
11000
12000
13000
14000
15000
16000
17000
18000
19000
20000
21000
22000
23000
24000
25000
26000
27000
28000
29000
30000
31000
32000
33000
34000
35000
36000
37000
38000
39000
40000
41000
Currently on spaced seed: 1..1111111
1000
2000
3000
4000
5000
6000
7000
8000
9000
10000
11000
12000
13000
14000
15000
16000
17000
18000
19000
20000
21000
22000
23000
24000
25000
26000
27000
28000
29000
30000
31000
32000
33000
34000
35000
36000
37000
38000
39000
40000
41000
Currently on spaced seed: 1.1.111111
1000
2000
3000
4000
5000
6000
7000
8000
9000
10000
11000
12000
13000
14000
15000
16000
17000
18000
19000
20000
21000
22000
23000
24000
25000
26000
27000
28000
29000
30000
31000
32000
33000
34000
35000
36000
37000
38000
39000
40000
41000
Currently on spaced seed: 1.11.11111
1000
2000
3000
4000
5000
6000
7000
8000
9000
10000
11000
12000
13000
14000
15000
16000
17000
18000
19000
20000
21000
22000
23000
24000
25000
26000
27000
28000
29000
30000
31000
32000
33000
34000
35000
36000
37000
38000
39000
40000
41000
Currently on spaced seed: 1.111.1111
1000
2000
3000
4000
5000
6000
7000
8000
9000
10000
11000
12000
13000
14000
15000
16000
17000
18000
19000
20000
21000
22000
23000
24000
25000
26000
27000
28000
29000
30000
31000
32000
33000
34000
35000
36000
37000
38000
39000
40000
41000
Currently on spaced seed: 1.1111.111
1000
2000
3000
4000
5000
6000
7000
8000
9000
10000
11000
12000
13000
14000
15000
16000
17000
18000
19000
20000
21000
22000
23000
24000
25000
26000
27000
28000
29000
30000
31000
32000
33000
34000
35000
36000
37000
38000
39000
40000
41000
Currently on spaced seed: 1.11111.11
1000
2000
3000
4000
5000
6000
7000
8000
9000
10000
11000
12000
13000
14000
15000
16000
17000
18000
19000
20000
21000
22000
23000
24000
25000
26000
27000
28000
29000
30000
31000
32000
33000
34000
35000
36000
37000
38000
39000
40000
41000
Currently on spaced seed: 1.111111.1
1000
2000
3000
4000
5000
6000
7000
8000
9000
10000
11000
12000
13000
14000
15000
16000
17000
18000
19000
20000
21000
22000
23000
24000
25000
26000
27000
28000
29000
30000
31000
32000
33000
34000
35000
36000
37000
38000
39000
40000
41000
Currently on spaced seed: 11..111111
1000
2000
3000
4000
5000
6000
7000
8000
9000
10000
11000
12000
13000
14000
15000
16000
17000
18000
19000
20000
21000
22000
23000
24000
25000
26000
27000
28000
29000
30000
31000
32000
33000
34000
35000
36000
37000
38000
39000
40000
41000
Currently on spaced seed: 11.1.11111
1000
2000
3000
4000
5000
6000
7000
8000
9000
10000
11000
12000
13000
14000
15000
16000
17000
18000
19000
20000
21000
22000
23000
24000
25000
26000
27000
28000
29000
30000
31000
32000
33000
34000
35000
36000
37000
38000
39000
40000
41000
Currently on spaced seed: 11.11.1111
1000
2000
3000
4000
5000
6000
7000
8000
9000
10000
11000
12000
13000
14000
15000
16000
17000
18000
19000
20000
21000
22000
23000
24000
25000
26000
27000
28000
29000
30000
31000
32000
33000
34000
35000
36000
37000
38000
39000
40000
41000
Currently on spaced seed: 11.111.111
1000
2000
3000
4000
5000
6000
7000
8000
9000
10000
11000
12000
13000
14000
15000
16000
17000
18000
19000
20000
21000
22000
23000
24000
25000
26000
27000
28000
29000
30000
31000
32000
33000
34000
35000
36000
37000
38000
39000
40000
41000
Currently on spaced seed: 11.1111.11
1000
2000
3000
4000
5000
6000
7000
8000
9000
10000
11000
12000
13000
14000
15000
16000
17000
18000
19000
20000
21000
22000
23000
24000
25000
26000
27000
28000
29000
30000
31000
32000
33000
34000
35000
36000
37000
38000
39000
40000
41000
Currently on spaced seed: 111..11111
1000
2000
3000
4000
5000
6000
7000
8000
9000
10000
11000
12000
13000
14000
15000
16000
17000
18000
19000
20000
21000
22000
23000
24000
25000
26000
27000
28000
29000
30000
31000
32000
33000
34000
35000
36000
37000
38000
39000
40000
41000
Currently on spaced seed: 111.1.1111
1000
2000
3000
4000
5000
6000
7000
8000
9000
10000
11000
12000
13000
14000
15000
16000
17000
18000
19000
20000
21000
22000
23000
24000
25000
26000
27000
28000
29000
30000
31000
32000
33000
34000
35000
36000
37000
38000
39000
40000
41000
Currently on spaced seed: 111.11.111
1000
2000
3000
4000
5000
6000
7000
8000
9000
10000
11000
12000
13000
14000
15000
16000
17000
18000
19000
20000
21000
22000
23000
24000
25000
26000
27000
28000
29000
30000
31000
32000
33000
34000
35000
36000
37000
38000
39000
40000
41000
Currently on spaced seed: 1111..1111
1000
2000
3000
4000
5000
6000
7000
8000
9000
10000
11000
12000
13000
14000
15000
16000
17000
18000
19000
20000
21000
22000
23000
24000
25000
26000
27000
28000
29000
30000
31000
32000
33000
34000
35000
36000
37000
38000
39000
40000
41000
Finding top 3 seeds.
Currently on element ranked:	1
A.CGCGAA.T	0.438607129066512
Currently on element ranked:	2
C.GTCGAC.G	0.428537826884107
Currently on element ranked:	3
G.CAC.GCGA	0.415001448016218
AAAAAAAA AAAAAAAC AAAAAAAG AAAAAAAT AAAAAACA AAAAAACC AAAAAACG AAAAAACT 
       1    16385    32769    49153     4097    20481    36865    53249 
AAAAAAGA AAAAAAGC 
    8193    24577 
It.    0, RSS =    21655.5, Par. =    2.05774    2.40266     2.2329    1.45896    1.09335    2.14079    2.44275    3.22555    2.07937    1.64924    2.54802    1.76514    2.50275    2.54887    2.84295    2.28721    1.80302    2.24123    1.70723    1.24392    2.45152   0.579453    1.25346   0.337247   0.836644   0.659918   0.670153     1.8111    2.11637   0.939438          2
It.    1, RSS =    20656.5, Par. =     1.3453    1.27096   0.822258    1.42259   0.881462   0.991933     1.3876   0.598175    2.05486    1.04783    1.95532    1.27991    1.03404    1.37786    1.66326    1.10123   0.861306    1.94428    1.26872   0.672653     2.1465   0.608871   0.418747   0.677319   0.259529   0.525928   0.635387    0.56398   0.443589    1.05869    2.56718
It.    2, RSS =    20304.2, Par. =    1.44108    1.39631   0.369824    1.60442   0.795274   0.595846    1.58866    1.45088     2.0824    1.12195   0.987641    1.12401    1.45599    2.48007    1.58748   0.607792   0.378301    1.41444    1.03909   0.560629    1.81171   0.619688   0.599747   0.736737   0.262279   0.479957   0.760302   0.162792   0.598854   0.990616     2.5837
It.    3, RSS =    20198.8, Par. =     0.5728    1.60613 -0.0446519    1.56492   0.904816   0.378661    1.83492    1.50765    2.38848     1.0758   0.995157     2.0062    2.14416    2.43612    1.97692   0.866735 -0.00585686     1.3128   0.987659   0.638997   0.636215   0.922602   0.626055   0.521514    0.26914   0.542854   0.764137   0.331966    0.71175   0.649495     2.4491
It.    4, RSS =      20108, Par. =   0.706153    1.48268  -0.280244    2.08327    1.10538  0.0247614    2.86409    1.72538     2.3646    1.54601   0.767339    2.01193    1.98155     1.9229    2.07783   0.130862 -0.0805616    1.83102   0.670745   0.508148    1.24738   0.834916    0.65792   0.604096  0.0687675   0.379181   0.912277   0.273178   0.684853   0.774729    2.31751
It.    5, RSS =      20100, Par. =  -0.140134    1.31855 -0.0726017    1.68916    1.13645   0.108432    2.79779    1.91356    2.74792    1.42694   0.819894    2.38947    2.27385    1.86166    2.19328   0.326314  -0.289503     1.5099   0.749833   0.750758    0.53273   0.997591   0.942951   0.219337   0.251353   0.316235   0.549082   0.475345   0.607345   0.633944     2.4301
It.    6, RSS =    19990.9, Par. =   0.165133    1.21777   -0.23465     1.9068    1.14587 -0.0460611    3.11423     1.9995     2.5177    1.65503   0.778611    2.37291      2.262    1.80858    2.30665   0.240519  -0.262681    1.75499   0.646111   0.684476   0.778443   0.876747   0.886245   0.399929   0.178089   0.296157   0.698607   0.384128   0.581277   0.786668    2.33099
It.    7, RSS =    19968.6, Par. =  -0.040484   0.930835  -0.246777    1.66649    1.14339  -0.166156    3.43193    2.38209     2.1515      1.861   0.774131    2.51965    2.30534    1.84934    2.05113   0.129636   -0.21432    1.81478    0.69111   0.614442   0.737389   0.856908   0.934238   0.372311     0.1374   0.201606   0.636994   0.287681   0.518814    0.86247     2.1418
It.    8, RSS =    19938.3, Par. =  -0.328856    0.33898   -0.28352    1.00386    1.08195  -0.585475    3.61782    2.81201    1.93005    1.85097   0.893227    2.87428    2.24076    1.68487    2.54215   0.624926  -0.016292    1.77338   0.655166   0.587619     1.0102    0.73737   0.747903    0.51852   0.198962 -0.0735842    0.37207   0.296105   0.320548   0.828268    1.78023
It.    9, RSS =      19907, Par. =  -0.436819   0.425691  -0.374375   0.950284    1.04887  -0.636448    3.68022    3.02678    1.67003    1.85876   0.802418    2.87668    2.16389    1.79021    2.17631   0.513211   0.124796      1.654   0.853967   0.530313    1.15299   0.709543    0.78427   0.492377   0.107786  -0.101458   0.459165   0.241768   0.391017   0.812379    1.72333
It.   10, RSS =    19888.8, Par. =  -0.529393   0.238793  -0.331829   0.635262   0.984738  -0.737144    3.68954    3.24407    1.62339    1.77054   0.847465    2.95441    2.08989    1.73341    2.06146   0.715307  0.0780423    1.69357   0.913768   0.569236    1.29018    0.71477   0.714081   0.598148   0.152792  -0.133159   0.435393   0.352077   0.391272   0.841508    1.58705
It.   11, RSS =    19878.5, Par. =  -0.620918    0.20827  -0.470767   0.568129   0.960473  -0.918946      3.679    3.45975    1.16032    1.77185   0.767008    2.95461    2.05569    1.72313     2.0846   0.677869   0.206388    1.57906   0.960568   0.611226    1.45794   0.667467   0.734305   0.628082   0.131286  -0.194379   0.487881    0.28213   0.441866   0.882813    1.45131
It.   12, RSS =    19868.7, Par. =  -0.709867  0.0350876  -0.351497   0.242739   0.903504  -0.881456    3.57887    3.54908    1.32449    1.60359   0.801777    2.95535    1.98981    1.72387    1.98668   0.845371   0.111065    1.63763     1.0442   0.592173    1.50948   0.733485   0.665919   0.672526   0.240233  -0.219896   0.447379   0.428445   0.407215   0.889064    1.39653
It.   13, RSS =    19849.9, Par. =  -0.693196  0.0572438  -0.432603   0.314206   0.911988  -0.971557    3.57985     3.5932    1.16461    1.65032   0.775947     2.9088    2.02728    1.73693    2.00445   0.826679   0.150193    1.62402    1.01839   0.619623    1.56225    0.69387   0.685594   0.697037   0.198971  -0.217606   0.494354   0.379029   0.441504   0.920267    1.34183
It.   14, RSS =    19840.7, Par. =  -0.758773 -0.00559129    -0.4441   0.203688   0.883713   -1.02531     3.4856    3.67741    1.05491    1.58589   0.759406    2.85596    1.98996    1.74393    1.98871   0.836615   0.150709    1.61072    1.04468     0.6291    1.62296   0.710798   0.673313   0.711265   0.222023  -0.241866   0.503985   0.408865   0.454572   0.935667    1.28118
It.   15, RSS =  0.0324997, Par. =  -0.758773 -0.00559129    -0.4441   0.203688   0.883713   -1.02531     3.4856    3.67741    1.05491    1.58589   0.759406    2.85596    1.98996    1.74393    1.98871   0.836615   0.150709    1.61072    1.04468     0.6291    1.62296   0.710798   0.673313   0.711265   0.222023  -0.241866   0.503985   0.408865   0.454572   0.935667    1.28118
