Currently on spaced seed: 11111111
1000
2000
3000
4000
5000
6000
7000
8000
9000
10000
11000
12000
13000
14000
15000
16000
17000
18000
19000
20000
21000
22000
23000
24000
25000
26000
27000
28000
29000
30000
31000
32000
33000
34000
35000
36000
37000
38000
39000
40000
41000
Currently on spaced seed: 1.1111111
1000
2000
3000
4000
5000
6000
7000
8000
9000
10000
11000
12000
13000
14000
15000
16000
17000
18000
19000
20000
21000
22000
23000
24000
25000
26000
27000
28000
29000
30000
31000
32000
33000
34000
35000
36000
37000
38000
39000
40000
41000
Currently on spaced seed: 11.111111
1000
2000
3000
4000
5000
6000
7000
8000
9000
10000
11000
12000
13000
14000
15000
16000
17000
18000
19000
20000
21000
22000
23000
24000
25000
26000
27000
28000
29000
30000
31000
32000
33000
34000
35000
36000
37000
38000
39000
40000
41000
Currently on spaced seed: 111.11111
1000
2000
3000
4000
5000
6000
7000
8000
9000
10000
11000
12000
13000
14000
15000
16000
17000
18000
19000
20000
21000
22000
23000
24000
25000
26000
27000
28000
29000
30000
31000
32000
33000
34000
35000
36000
37000
38000
39000
40000
41000
Currently on spaced seed: 1111.1111
1000
2000
3000
4000
5000
6000
7000
8000
9000
10000
11000
12000
13000
14000
15000
16000
17000
18000
19000
20000
21000
22000
23000
24000
25000
26000
27000
28000
29000
30000
31000
32000
33000
34000
35000
36000
37000
38000
39000
40000
41000
Currently on spaced seed: 1..1111111
1000
2000
3000
4000
5000
6000
7000
8000
9000
10000
11000
12000
13000
14000
15000
16000
17000
18000
19000
20000
21000
22000
23000
24000
25000
26000
27000
28000
29000
30000
31000
32000
33000
34000
35000
36000
37000
38000
39000
40000
41000
Currently on spaced seed: 1.1.111111
1000
2000
3000
4000
5000
6000
7000
8000
9000
10000
11000
12000
13000
14000
15000
16000
17000
18000
19000
20000
21000
22000
23000
24000
25000
26000
27000
28000
29000
30000
31000
32000
33000
34000
35000
36000
37000
38000
39000
40000
41000
Currently on spaced seed: 1.11.11111
1000
2000
3000
4000
5000
6000
7000
8000
9000
10000
11000
12000
13000
14000
15000
16000
17000
18000
19000
20000
21000
22000
23000
24000
25000
26000
27000
28000
29000
30000
31000
32000
33000
34000
35000
36000
37000
38000
39000
40000
41000
Currently on spaced seed: 1.111.1111
1000
2000
3000
4000
5000
6000
7000
8000
9000
10000
11000
12000
13000
14000
15000
16000
17000
18000
19000
20000
21000
22000
23000
24000
25000
26000
27000
28000
29000
30000
31000
32000
33000
34000
35000
36000
37000
38000
39000
40000
41000
Currently on spaced seed: 1.1111.111
1000
2000
3000
4000
5000
6000
7000
8000
9000
10000
11000
12000
13000
14000
15000
16000
17000
18000
19000
20000
21000
22000
23000
24000
25000
26000
27000
28000
29000
30000
31000
32000
33000
34000
35000
36000
37000
38000
39000
40000
41000
Currently on spaced seed: 1.11111.11
1000
2000
3000
4000
5000
6000
7000
8000
9000
10000
11000
12000
13000
14000
15000
16000
17000
18000
19000
20000
21000
22000
23000
24000
25000
26000
27000
28000
29000
30000
31000
32000
33000
34000
35000
36000
37000
38000
39000
40000
41000
Currently on spaced seed: 1.111111.1
1000
2000
3000
4000
5000
6000
7000
8000
9000
10000
11000
12000
13000
14000
15000
16000
17000
18000
19000
20000
21000
22000
23000
24000
25000
26000
27000
28000
29000
30000
31000
32000
33000
34000
35000
36000
37000
38000
39000
40000
41000
Currently on spaced seed: 11..111111
1000
2000
3000
4000
5000
6000
7000
8000
9000
10000
11000
12000
13000
14000
15000
16000
17000
18000
19000
20000
21000
22000
23000
24000
25000
26000
27000
28000
29000
30000
31000
32000
33000
34000
35000
36000
37000
38000
39000
40000
41000
Currently on spaced seed: 11.1.11111
1000
2000
3000
4000
5000
6000
7000
8000
9000
10000
11000
12000
13000
14000
15000
16000
17000
18000
19000
20000
21000
22000
23000
24000
25000
26000
27000
28000
29000
30000
31000
32000
33000
34000
35000
36000
37000
38000
39000
40000
41000
Currently on spaced seed: 11.11.1111
1000
2000
3000
4000
5000
6000
7000
8000
9000
10000
11000
12000
13000
14000
15000
16000
17000
18000
19000
20000
21000
22000
23000
24000
25000
26000
27000
28000
29000
30000
31000
32000
33000
34000
35000
36000
37000
38000
39000
40000
41000
Currently on spaced seed: 11.111.111
1000
2000
3000
4000
5000
6000
7000
8000
9000
10000
11000
12000
13000
14000
15000
16000
17000
18000
19000
20000
21000
22000
23000
24000
25000
26000
27000
28000
29000
30000
31000
32000
33000
34000
35000
36000
37000
38000
39000
40000
41000
Currently on spaced seed: 11.1111.11
1000
2000
3000
4000
5000
6000
7000
8000
9000
10000
11000
12000
13000
14000
15000
16000
17000
18000
19000
20000
21000
22000
23000
24000
25000
26000
27000
28000
29000
30000
31000
32000
33000
34000
35000
36000
37000
38000
39000
40000
41000
Currently on spaced seed: 111..11111
1000
2000
3000
4000
5000
6000
7000
8000
9000
10000
11000
12000
13000
14000
15000
16000
17000
18000
19000
20000
21000
22000
23000
24000
25000
26000
27000
28000
29000
30000
31000
32000
33000
34000
35000
36000
37000
38000
39000
40000
41000
Currently on spaced seed: 111.1.1111
1000
2000
3000
4000
5000
6000
7000
8000
9000
10000
11000
12000
13000
14000
15000
16000
17000
18000
19000
20000
21000
22000
23000
24000
25000
26000
27000
28000
29000
30000
31000
32000
33000
34000
35000
36000
37000
38000
39000
40000
41000
Currently on spaced seed: 111.11.111
1000
2000
3000
4000
5000
6000
7000
8000
9000
10000
11000
12000
13000
14000
15000
16000
17000
18000
19000
20000
21000
22000
23000
24000
25000
26000
27000
28000
29000
30000
31000
32000
33000
34000
35000
36000
37000
38000
39000
40000
41000
Currently on spaced seed: 1111..1111
1000
2000
3000
4000
5000
6000
7000
8000
9000
10000
11000
12000
13000
14000
15000
16000
17000
18000
19000
20000
21000
22000
23000
24000
25000
26000
27000
28000
29000
30000
31000
32000
33000
34000
35000
36000
37000
38000
39000
40000
41000
Finding top 3 seeds.
Currently on element ranked:	1
TAT.AGCAA	0.466439249099669
Currently on element ranked:	2
GTAT.AGCA	0.457333934052319
Currently on element ranked:	3
T.TTAGCAA	0.452733832750945
reviewing spot 1000
reviewing spot 2000
reviewing spot 3000
reviewing spot 4000
reviewing spot 5000
reviewing spot 6000
reviewing spot 7000
reviewing spot 8000
reviewing spot 9000
reviewing spot 10000
reviewing spot 11000
reviewing spot 12000
reviewing spot 13000
reviewing spot 14000
reviewing spot 15000
reviewing spot 16000
reviewing spot 17000
reviewing spot 18000
reviewing spot 19000
reviewing spot 20000
reviewing spot 21000
reviewing spot 22000
reviewing spot 23000
reviewing spot 24000
reviewing spot 25000
reviewing spot 26000
reviewing spot 27000
reviewing spot 28000
reviewing spot 29000
reviewing spot 30000
reviewing spot 31000
reviewing spot 32000
reviewing spot 33000
reviewing spot 34000
reviewing spot 35000
reviewing spot 36000
reviewing spot 37000
reviewing spot 38000
reviewing spot 39000
reviewing spot 40000
reviewing spot 41000
Currently on spaced seed: 11111111
1000
2000
3000
4000
5000
6000
7000
8000
9000
10000
11000
12000
13000
14000
15000
16000
17000
18000
19000
20000
21000
22000
23000
24000
25000
26000
27000
28000
29000
30000
31000
32000
33000
34000
35000
36000
37000
38000
39000
40000
41000
Currently on spaced seed: 1.1111111
1000
2000
3000
4000
5000
6000
7000
8000
9000
10000
11000
12000
13000
14000
15000
16000
17000
18000
19000
20000
21000
22000
23000
24000
25000
26000
27000
28000
29000
30000
31000
32000
33000
34000
35000
36000
37000
38000
39000
40000
41000
Currently on spaced seed: 11.111111
1000
2000
3000
4000
5000
6000
7000
8000
9000
10000
11000
12000
13000
14000
15000
16000
17000
18000
19000
20000
21000
22000
23000
24000
25000
26000
27000
28000
29000
30000
31000
32000
33000
34000
35000
36000
37000
38000
39000
40000
41000
Currently on spaced seed: 111.11111
1000
2000
3000
4000
5000
6000
7000
8000
9000
10000
11000
12000
13000
14000
15000
16000
17000
18000
19000
20000
21000
22000
23000
24000
25000
26000
27000
28000
29000
30000
31000
32000
33000
34000
35000
36000
37000
38000
39000
40000
41000
Currently on spaced seed: 1111.1111
1000
2000
3000
4000
5000
6000
7000
8000
9000
10000
11000
12000
13000
14000
15000
16000
17000
18000
19000
20000
21000
22000
23000
24000
25000
26000
27000
28000
29000
30000
31000
32000
33000
34000
35000
36000
37000
38000
39000
40000
41000
Currently on spaced seed: 1..1111111
1000
2000
3000
4000
5000
6000
7000
8000
9000
10000
11000
12000
13000
14000
15000
16000
17000
18000
19000
20000
21000
22000
23000
24000
25000
26000
27000
28000
29000
30000
31000
32000
33000
34000
35000
36000
37000
38000
39000
40000
41000
Currently on spaced seed: 1.1.111111
1000
2000
3000
4000
5000
6000
7000
8000
9000
10000
11000
12000
13000
14000
15000
16000
17000
18000
19000
20000
21000
22000
23000
24000
25000
26000
27000
28000
29000
30000
31000
32000
33000
34000
35000
36000
37000
38000
39000
40000
41000
Currently on spaced seed: 1.11.11111
1000
2000
3000
4000
5000
6000
7000
8000
9000
10000
11000
12000
13000
14000
15000
16000
17000
18000
19000
20000
21000
22000
23000
24000
25000
26000
27000
28000
29000
30000
31000
32000
33000
34000
35000
36000
37000
38000
39000
40000
41000
Currently on spaced seed: 1.111.1111
1000
2000
3000
4000
5000
6000
7000
8000
9000
10000
11000
12000
13000
14000
15000
16000
17000
18000
19000
20000
21000
22000
23000
24000
25000
26000
27000
28000
29000
30000
31000
32000
33000
34000
35000
36000
37000
38000
39000
40000
41000
Currently on spaced seed: 1.1111.111
1000
2000
3000
4000
5000
6000
7000
8000
9000
10000
11000
12000
13000
14000
15000
16000
17000
18000
19000
20000
21000
22000
23000
24000
25000
26000
27000
28000
29000
30000
31000
32000
33000
34000
35000
36000
37000
38000
39000
40000
41000
Currently on spaced seed: 1.11111.11
1000
2000
3000
4000
5000
6000
7000
8000
9000
10000
11000
12000
13000
14000
15000
16000
17000
18000
19000
20000
21000
22000
23000
24000
25000
26000
27000
28000
29000
30000
31000
32000
33000
34000
35000
36000
37000
38000
39000
40000
41000
Currently on spaced seed: 1.111111.1
1000
2000
3000
4000
5000
6000
7000
8000
9000
10000
11000
12000
13000
14000
15000
16000
17000
18000
19000
20000
21000
22000
23000
24000
25000
26000
27000
28000
29000
30000
31000
32000
33000
34000
35000
36000
37000
38000
39000
40000
41000
Currently on spaced seed: 11..111111
1000
2000
3000
4000
5000
6000
7000
8000
9000
10000
11000
12000
13000
14000
15000
16000
17000
18000
19000
20000
21000
22000
23000
24000
25000
26000
27000
28000
29000
30000
31000
32000
33000
34000
35000
36000
37000
38000
39000
40000
41000
Currently on spaced seed: 11.1.11111
1000
2000
3000
4000
5000
6000
7000
8000
9000
10000
11000
12000
13000
14000
15000
16000
17000
18000
19000
20000
21000
22000
23000
24000
25000
26000
27000
28000
29000
30000
31000
32000
33000
34000
35000
36000
37000
38000
39000
40000
41000
Currently on spaced seed: 11.11.1111
1000
2000
3000
4000
5000
6000
7000
8000
9000
10000
11000
12000
13000
14000
15000
16000
17000
18000
19000
20000
21000
22000
23000
24000
25000
26000
27000
28000
29000
30000
31000
32000
33000
34000
35000
36000
37000
38000
39000
40000
41000
Currently on spaced seed: 11.111.111
1000
2000
3000
4000
5000
6000
7000
8000
9000
10000
11000
12000
13000
14000
15000
16000
17000
18000
19000
20000
21000
22000
23000
24000
25000
26000
27000
28000
29000
30000
31000
32000
33000
34000
35000
36000
37000
38000
39000
40000
41000
Currently on spaced seed: 11.1111.11
1000
2000
3000
4000
5000
6000
7000
8000
9000
10000
11000
12000
13000
14000
15000
16000
17000
18000
19000
20000
21000
22000
23000
24000
25000
26000
27000
28000
29000
30000
31000
32000
33000
34000
35000
36000
37000
38000
39000
40000
41000
Currently on spaced seed: 111..11111
1000
2000
3000
4000
5000
6000
7000
8000
9000
10000
11000
12000
13000
14000
15000
16000
17000
18000
19000
20000
21000
22000
23000
24000
25000
26000
27000
28000
29000
30000
31000
32000
33000
34000
35000
36000
37000
38000
39000
40000
41000
Currently on spaced seed: 111.1.1111
1000
2000
3000
4000
5000
6000
7000
8000
9000
10000
11000
12000
13000
14000
15000
16000
17000
18000
19000
20000
21000
22000
23000
24000
25000
26000
27000
28000
29000
30000
31000
32000
33000
34000
35000
36000
37000
38000
39000
40000
41000
Currently on spaced seed: 111.11.111
1000
2000
3000
4000
5000
6000
7000
8000
9000
10000
11000
12000
13000
14000
15000
16000
17000
18000
19000
20000
21000
22000
23000
24000
25000
26000
27000
28000
29000
30000
31000
32000
33000
34000
35000
36000
37000
38000
39000
40000
41000
Currently on spaced seed: 1111..1111
1000
2000
3000
4000
5000
6000
7000
8000
9000
10000
11000
12000
13000
14000
15000
16000
17000
18000
19000
20000
21000
22000
23000
24000
25000
26000
27000
28000
29000
30000
31000
32000
33000
34000
35000
36000
37000
38000
39000
40000
41000
Finding top 3 seeds.
Currently on element ranked:	1
C.CGCGCG.G	0.413506493506493
Currently on element ranked:	2
TGCT.C.AAA	0.412692666698578
Currently on element ranked:	3
GCT.T.TCAA	0.410089871236418
AAAAAAAA AAAAAAAC AAAAAAAG AAAAAAAT AAAAAACA AAAAAACC AAAAAACG AAAAAACT 
       1    16385    32769    49153     4097    20481    36865    53249 
AAAAAAGA AAAAAAGC 
    8193    24577 
It.    0, RSS =    21835.2, Par. =     1.1889   0.947253   0.459804   0.109966    1.20528   0.842397    1.28121   0.729843   0.935463    1.28431    1.22346    1.47739    0.30457    0.41449   0.576554    1.93432    1.46755    2.41699    2.88526    3.18989    2.34427    2.58853    3.63013    3.86159    1.48859      2.041    1.97341     1.7018    1.24823   0.695411          2
It.    1, RSS =    19626.7, Par. =   0.392613   0.184216    0.16736   0.135709   0.358385   0.443107   0.389494   0.242987  -0.245866  -0.228649   0.739477   0.261363   0.119673   0.441086 -0.0607552    1.37868   0.884159   0.886619    2.37142     6.1813     1.9672    2.53702    6.07046     6.9919    2.51489    1.66825    2.38632   0.570988   0.411884   0.598455    2.32278
It.    2, RSS =    18471.4, Par. =   0.387417   0.426717  0.00153654   0.124742    0.66048   0.588279   0.508881   0.320852  -0.137388 -0.00553589   0.669756   0.651617 -0.0832398   0.554874  -0.054339    1.44717   0.913246    1.54008    2.30258    6.07305    1.57861    2.08025    6.29764    7.17375    2.59795    1.77581    2.32019    0.81506   0.633933   0.663127    1.91643
It.    3, RSS =    18352.5, Par. =   0.302744   0.245453  0.0439966   0.210095   0.562562   0.506437   0.350101    0.27768 -0.0341307   0.236223   0.600621   0.578735 -0.0243764    0.30123  0.0200371    1.29087    0.89716    1.75096     2.2792    5.82662    1.77928    2.21707    6.85726    7.56069    2.39326    1.61036    2.43215   0.744519   0.663072   0.725518    1.49574
It.    4, RSS =    18332.2, Par. =   0.323181   0.299344 -0.0643496    0.10265   0.593092   0.513595   0.420899   0.257028  -0.152537  0.0547922   0.645254   0.601238  -0.109947   0.394238  -0.105784    1.40207   0.901173    1.68091    1.93626    5.69983    1.53382      1.848    7.08328    7.62556    2.41593    1.69362    2.34187   0.876166   0.638929   0.580772    1.30855
It.    5, RSS =    18193.8, Par. =   0.277594   0.249405 -0.0087395   0.146347   0.538573   0.466073   0.360503   0.229862   -0.10615   0.113856   0.588588   0.554567 -0.0636047    0.32443  -0.068711    1.31807   0.890799    1.67085    2.08545    5.64459    1.64166    2.00903    7.15533    7.68056    2.36879    1.62948    2.34139   0.798052   0.603637   0.624079    1.23539
It.    6, RSS =      18156, Par. =   0.271893   0.236331  -0.034746   0.112665   0.517556   0.443308   0.340984   0.228967  -0.118426  0.0951435    0.56655    0.53103 -0.0945746   0.300504 -0.0834376    1.26712   0.847977    1.60482    1.98732    5.36445    1.52748    1.88475    7.36422    7.75475    2.25457    1.58012    2.27605   0.754466   0.592464   0.577479   0.964073
It.    7, RSS =    18099.7, Par. =   0.215895    0.18865 -0.0109346   0.112971   0.430256   0.364375   0.294581   0.187904  -0.093605  0.0837692   0.485941   0.447864 -0.0775541   0.239822  -0.100425    1.12694   0.752044     1.4235    1.83795     4.5153    1.42449    1.76086    7.69433    7.85947    2.05751    1.43313    2.06006   0.663918   0.481963   0.531599   0.447735
It.    8, RSS =    18095.9, Par. =   0.228979   0.196564 -0.0412541   0.077506   0.444276   0.372076   0.297965   0.203301  -0.109463  0.0619004   0.493074   0.463162  -0.114096   0.249391  -0.105191    1.11636   0.729587    1.39544    1.70489    3.90408    1.28144    1.56069    7.76557    7.83479      2.059    1.42255    2.07177   0.655519   0.495269   0.482821   0.222087
It.    9, RSS =    18061.7, Par. =   0.207574   0.177741 -0.0187175  0.0957555   0.416265   0.350272    0.27737   0.187201 -0.0925841  0.0765971    0.46983   0.437954 -0.0905544   0.230122  -0.100501    1.08248   0.719545    1.37926    1.76079     3.7262    1.33405    1.63852    7.78013    7.84301    2.02305    1.38827    2.03652   0.631634   0.469449    0.49722   0.192991
It.   10, RSS =    18050.5, Par. =   0.207568   0.178884 -0.0268437  0.0848876   0.410923   0.343043   0.279739   0.188479 -0.0990407  0.0614609   0.467589   0.430732 -0.0984971   0.232915  -0.105629    1.07499   0.705108    1.33827    1.70017    3.33551    1.28383    1.57761    7.81519    7.82326    2.02024    1.37153    1.98266   0.628961   0.457281    0.47742  0.0716449
It.   11, RSS =    18042.6, Par. =   0.192459    0.16561 -0.0165455  0.0881645   0.390074   0.325917   0.262135   0.181087 -0.0876276  0.0676173   0.447525     0.4139 -0.0923957   0.215846 -0.0987098    1.03593   0.683271    1.30871     1.7063    3.19663    1.28029    1.57712    7.84464    7.81106      1.992    1.32371    1.95657   0.600083   0.437643    0.47299 -0.0455716
It.   12, RSS =    18037.4, Par. =   0.196366   0.169508 -0.0277205  0.0764557   0.391694   0.325814   0.268449   0.183554 -0.0947619  0.0551145   0.449253   0.414014  -0.101087    0.22255  -0.106909    1.04102   0.670362    1.28124    1.63436    3.19073    1.21987      1.497    7.86877     7.7822    1.99297    1.32723    1.92879   0.602658   0.432981   0.456057  -0.159411
It.   13, RSS =    18035.5, Par. =   0.179337    0.15317 -0.0121561  0.0834926   0.366728   0.305291   0.247785    0.17439 -0.0800855  0.0654966   0.426601   0.393505 -0.0888657   0.203359 -0.0985123   0.995288   0.654188    1.25946    1.66445    2.99041    1.24712    1.54025    7.89238    7.76703    1.93647    1.28246    1.89848    0.57022   0.414621   0.453759  -0.263858
It.   14, RSS =    18023.8, Par. =   0.186103   0.160017 -0.0214962  0.0757373   0.374346   0.310919   0.256446   0.179515 -0.0872195  0.0568899   0.434304   0.399819  -0.096883   0.211948  -0.103332    1.00852    0.65552    1.25298    1.62931    3.06563    1.21587    1.49509    7.89529    7.75555    1.95664    1.29339    1.89469   0.579991   0.417626    0.44631  -0.287931
It.   15, RSS =  0.0266994, Par. =   0.186103   0.160017 -0.0214962  0.0757373   0.374346   0.310919   0.256446   0.179515 -0.0872195  0.0568899   0.434304   0.399819  -0.096883   0.211948  -0.103332    1.00852    0.65552    1.25298    1.62931    3.06563    1.21587    1.49509    7.89529    7.75555    1.95664    1.29339    1.89469   0.579991   0.417626    0.44631  -0.287931
There are no consecutive positions that meet the IC threshold given, so no trimmed logo could be made.
