Currently on spaced seed: 11111111
1000
2000
3000
4000
5000
6000
7000
8000
9000
10000
11000
12000
13000
14000
15000
16000
17000
18000
19000
20000
21000
22000
23000
24000
25000
26000
27000
28000
29000
30000
31000
32000
33000
34000
35000
36000
37000
38000
39000
40000
41000
Currently on spaced seed: 1.1111111
1000
2000
3000
4000
5000
6000
7000
8000
9000
10000
11000
12000
13000
14000
15000
16000
17000
18000
19000
20000
21000
22000
23000
24000
25000
26000
27000
28000
29000
30000
31000
32000
33000
34000
35000
36000
37000
38000
39000
40000
41000
Currently on spaced seed: 11.111111
1000
2000
3000
4000
5000
6000
7000
8000
9000
10000
11000
12000
13000
14000
15000
16000
17000
18000
19000
20000
21000
22000
23000
24000
25000
26000
27000
28000
29000
30000
31000
32000
33000
34000
35000
36000
37000
38000
39000
40000
41000
Currently on spaced seed: 111.11111
1000
2000
3000
4000
5000
6000
7000
8000
9000
10000
11000
12000
13000
14000
15000
16000
17000
18000
19000
20000
21000
22000
23000
24000
25000
26000
27000
28000
29000
30000
31000
32000
33000
34000
35000
36000
37000
38000
39000
40000
41000
Currently on spaced seed: 1111.1111
1000
2000
3000
4000
5000
6000
7000
8000
9000
10000
11000
12000
13000
14000
15000
16000
17000
18000
19000
20000
21000
22000
23000
24000
25000
26000
27000
28000
29000
30000
31000
32000
33000
34000
35000
36000
37000
38000
39000
40000
41000
Currently on spaced seed: 1..1111111
1000
2000
3000
4000
5000
6000
7000
8000
9000
10000
11000
12000
13000
14000
15000
16000
17000
18000
19000
20000
21000
22000
23000
24000
25000
26000
27000
28000
29000
30000
31000
32000
33000
34000
35000
36000
37000
38000
39000
40000
41000
Currently on spaced seed: 1.1.111111
1000
2000
3000
4000
5000
6000
7000
8000
9000
10000
11000
12000
13000
14000
15000
16000
17000
18000
19000
20000
21000
22000
23000
24000
25000
26000
27000
28000
29000
30000
31000
32000
33000
34000
35000
36000
37000
38000
39000
40000
41000
Currently on spaced seed: 1.11.11111
1000
2000
3000
4000
5000
6000
7000
8000
9000
10000
11000
12000
13000
14000
15000
16000
17000
18000
19000
20000
21000
22000
23000
24000
25000
26000
27000
28000
29000
30000
31000
32000
33000
34000
35000
36000
37000
38000
39000
40000
41000
Currently on spaced seed: 1.111.1111
1000
2000
3000
4000
5000
6000
7000
8000
9000
10000
11000
12000
13000
14000
15000
16000
17000
18000
19000
20000
21000
22000
23000
24000
25000
26000
27000
28000
29000
30000
31000
32000
33000
34000
35000
36000
37000
38000
39000
40000
41000
Currently on spaced seed: 1.1111.111
1000
2000
3000
4000
5000
6000
7000
8000
9000
10000
11000
12000
13000
14000
15000
16000
17000
18000
19000
20000
21000
22000
23000
24000
25000
26000
27000
28000
29000
30000
31000
32000
33000
34000
35000
36000
37000
38000
39000
40000
41000
Currently on spaced seed: 1.11111.11
1000
2000
3000
4000
5000
6000
7000
8000
9000
10000
11000
12000
13000
14000
15000
16000
17000
18000
19000
20000
21000
22000
23000
24000
25000
26000
27000
28000
29000
30000
31000
32000
33000
34000
35000
36000
37000
38000
39000
40000
41000
Currently on spaced seed: 1.111111.1
1000
2000
3000
4000
5000
6000
7000
8000
9000
10000
11000
12000
13000
14000
15000
16000
17000
18000
19000
20000
21000
22000
23000
24000
25000
26000
27000
28000
29000
30000
31000
32000
33000
34000
35000
36000
37000
38000
39000
40000
41000
Currently on spaced seed: 11..111111
1000
2000
3000
4000
5000
6000
7000
8000
9000
10000
11000
12000
13000
14000
15000
16000
17000
18000
19000
20000
21000
22000
23000
24000
25000
26000
27000
28000
29000
30000
31000
32000
33000
34000
35000
36000
37000
38000
39000
40000
41000
Currently on spaced seed: 11.1.11111
1000
2000
3000
4000
5000
6000
7000
8000
9000
10000
11000
12000
13000
14000
15000
16000
17000
18000
19000
20000
21000
22000
23000
24000
25000
26000
27000
28000
29000
30000
31000
32000
33000
34000
35000
36000
37000
38000
39000
40000
41000
Currently on spaced seed: 11.11.1111
1000
2000
3000
4000
5000
6000
7000
8000
9000
10000
11000
12000
13000
14000
15000
16000
17000
18000
19000
20000
21000
22000
23000
24000
25000
26000
27000
28000
29000
30000
31000
32000
33000
34000
35000
36000
37000
38000
39000
40000
41000
Currently on spaced seed: 11.111.111
1000
2000
3000
4000
5000
6000
7000
8000
9000
10000
11000
12000
13000
14000
15000
16000
17000
18000
19000
20000
21000
22000
23000
24000
25000
26000
27000
28000
29000
30000
31000
32000
33000
34000
35000
36000
37000
38000
39000
40000
41000
Currently on spaced seed: 11.1111.11
1000
2000
3000
4000
5000
6000
7000
8000
9000
10000
11000
12000
13000
14000
15000
16000
17000
18000
19000
20000
21000
22000
23000
24000
25000
26000
27000
28000
29000
30000
31000
32000
33000
34000
35000
36000
37000
38000
39000
40000
41000
Currently on spaced seed: 111..11111
1000
2000
3000
4000
5000
6000
7000
8000
9000
10000
11000
12000
13000
14000
15000
16000
17000
18000
19000
20000
21000
22000
23000
24000
25000
26000
27000
28000
29000
30000
31000
32000
33000
34000
35000
36000
37000
38000
39000
40000
41000
Currently on spaced seed: 111.1.1111
1000
2000
3000
4000
5000
6000
7000
8000
9000
10000
11000
12000
13000
14000
15000
16000
17000
18000
19000
20000
21000
22000
23000
24000
25000
26000
27000
28000
29000
30000
31000
32000
33000
34000
35000
36000
37000
38000
39000
40000
41000
Currently on spaced seed: 111.11.111
1000
2000
3000
4000
5000
6000
7000
8000
9000
10000
11000
12000
13000
14000
15000
16000
17000
18000
19000
20000
21000
22000
23000
24000
25000
26000
27000
28000
29000
30000
31000
32000
33000
34000
35000
36000
37000
38000
39000
40000
41000
Currently on spaced seed: 1111..1111
1000
2000
3000
4000
5000
6000
7000
8000
9000
10000
11000
12000
13000
14000
15000
16000
17000
18000
19000
20000
21000
22000
23000
24000
25000
26000
27000
28000
29000
30000
31000
32000
33000
34000
35000
36000
37000
38000
39000
40000
41000
Finding top 3 seeds.
Currently on element ranked:	1
CGAGCTCG	0.457206240160298
Currently on element ranked:	2
A.CGCGCG.T	0.452606154580153
Currently on element ranked:	3
CGCGCG.T.C	0.451978237006634
reviewing spot 1000
reviewing spot 2000
reviewing spot 3000
reviewing spot 4000
reviewing spot 5000
reviewing spot 6000
reviewing spot 7000
reviewing spot 8000
reviewing spot 9000
reviewing spot 10000
reviewing spot 11000
reviewing spot 12000
reviewing spot 13000
reviewing spot 14000
reviewing spot 15000
reviewing spot 16000
reviewing spot 17000
reviewing spot 18000
reviewing spot 19000
reviewing spot 20000
reviewing spot 21000
reviewing spot 22000
reviewing spot 23000
reviewing spot 24000
reviewing spot 25000
reviewing spot 26000
reviewing spot 27000
reviewing spot 28000
reviewing spot 29000
reviewing spot 30000
reviewing spot 31000
reviewing spot 32000
reviewing spot 33000
reviewing spot 34000
reviewing spot 35000
reviewing spot 36000
reviewing spot 37000
reviewing spot 38000
reviewing spot 39000
reviewing spot 40000
reviewing spot 41000
Currently on spaced seed: 11111111
1000
2000
3000
4000
5000
6000
7000
8000
9000
10000
11000
12000
13000
14000
15000
16000
17000
18000
19000
20000
21000
22000
23000
24000
25000
26000
27000
28000
29000
30000
31000
32000
33000
34000
35000
36000
37000
38000
39000
40000
41000
Currently on spaced seed: 1.1111111
1000
2000
3000
4000
5000
6000
7000
8000
9000
10000
11000
12000
13000
14000
15000
16000
17000
18000
19000
20000
21000
22000
23000
24000
25000
26000
27000
28000
29000
30000
31000
32000
33000
34000
35000
36000
37000
38000
39000
40000
41000
Currently on spaced seed: 11.111111
1000
2000
3000
4000
5000
6000
7000
8000
9000
10000
11000
12000
13000
14000
15000
16000
17000
18000
19000
20000
21000
22000
23000
24000
25000
26000
27000
28000
29000
30000
31000
32000
33000
34000
35000
36000
37000
38000
39000
40000
41000
Currently on spaced seed: 111.11111
1000
2000
3000
4000
5000
6000
7000
8000
9000
10000
11000
12000
13000
14000
15000
16000
17000
18000
19000
20000
21000
22000
23000
24000
25000
26000
27000
28000
29000
30000
31000
32000
33000
34000
35000
36000
37000
38000
39000
40000
41000
Currently on spaced seed: 1111.1111
1000
2000
3000
4000
5000
6000
7000
8000
9000
10000
11000
12000
13000
14000
15000
16000
17000
18000
19000
20000
21000
22000
23000
24000
25000
26000
27000
28000
29000
30000
31000
32000
33000
34000
35000
36000
37000
38000
39000
40000
41000
Currently on spaced seed: 1..1111111
1000
2000
3000
4000
5000
6000
7000
8000
9000
10000
11000
12000
13000
14000
15000
16000
17000
18000
19000
20000
21000
22000
23000
24000
25000
26000
27000
28000
29000
30000
31000
32000
33000
34000
35000
36000
37000
38000
39000
40000
41000
Currently on spaced seed: 1.1.111111
1000
2000
3000
4000
5000
6000
7000
8000
9000
10000
11000
12000
13000
14000
15000
16000
17000
18000
19000
20000
21000
22000
23000
24000
25000
26000
27000
28000
29000
30000
31000
32000
33000
34000
35000
36000
37000
38000
39000
40000
41000
Currently on spaced seed: 1.11.11111
1000
2000
3000
4000
5000
6000
7000
8000
9000
10000
11000
12000
13000
14000
15000
16000
17000
18000
19000
20000
21000
22000
23000
24000
25000
26000
27000
28000
29000
30000
31000
32000
33000
34000
35000
36000
37000
38000
39000
40000
41000
Currently on spaced seed: 1.111.1111
1000
2000
3000
4000
5000
6000
7000
8000
9000
10000
11000
12000
13000
14000
15000
16000
17000
18000
19000
20000
21000
22000
23000
24000
25000
26000
27000
28000
29000
30000
31000
32000
33000
34000
35000
36000
37000
38000
39000
40000
41000
Currently on spaced seed: 1.1111.111
1000
2000
3000
4000
5000
6000
7000
8000
9000
10000
11000
12000
13000
14000
15000
16000
17000
18000
19000
20000
21000
22000
23000
24000
25000
26000
27000
28000
29000
30000
31000
32000
33000
34000
35000
36000
37000
38000
39000
40000
41000
Currently on spaced seed: 1.11111.11
1000
2000
3000
4000
5000
6000
7000
8000
9000
10000
11000
12000
13000
14000
15000
16000
17000
18000
19000
20000
21000
22000
23000
24000
25000
26000
27000
28000
29000
30000
31000
32000
33000
34000
35000
36000
37000
38000
39000
40000
41000
Currently on spaced seed: 1.111111.1
1000
2000
3000
4000
5000
6000
7000
8000
9000
10000
11000
12000
13000
14000
15000
16000
17000
18000
19000
20000
21000
22000
23000
24000
25000
26000
27000
28000
29000
30000
31000
32000
33000
34000
35000
36000
37000
38000
39000
40000
41000
Currently on spaced seed: 11..111111
1000
2000
3000
4000
5000
6000
7000
8000
9000
10000
11000
12000
13000
14000
15000
16000
17000
18000
19000
20000
21000
22000
23000
24000
25000
26000
27000
28000
29000
30000
31000
32000
33000
34000
35000
36000
37000
38000
39000
40000
41000
Currently on spaced seed: 11.1.11111
1000
2000
3000
4000
5000
6000
7000
8000
9000
10000
11000
12000
13000
14000
15000
16000
17000
18000
19000
20000
21000
22000
23000
24000
25000
26000
27000
28000
29000
30000
31000
32000
33000
34000
35000
36000
37000
38000
39000
40000
41000
Currently on spaced seed: 11.11.1111
1000
2000
3000
4000
5000
6000
7000
8000
9000
10000
11000
12000
13000
14000
15000
16000
17000
18000
19000
20000
21000
22000
23000
24000
25000
26000
27000
28000
29000
30000
31000
32000
33000
34000
35000
36000
37000
38000
39000
40000
41000
Currently on spaced seed: 11.111.111
1000
2000
3000
4000
5000
6000
7000
8000
9000
10000
11000
12000
13000
14000
15000
16000
17000
18000
19000
20000
21000
22000
23000
24000
25000
26000
27000
28000
29000
30000
31000
32000
33000
34000
35000
36000
37000
38000
39000
40000
41000
Currently on spaced seed: 11.1111.11
1000
2000
3000
4000
5000
6000
7000
8000
9000
10000
11000
12000
13000
14000
15000
16000
17000
18000
19000
20000
21000
22000
23000
24000
25000
26000
27000
28000
29000
30000
31000
32000
33000
34000
35000
36000
37000
38000
39000
40000
41000
Currently on spaced seed: 111..11111
1000
2000
3000
4000
5000
6000
7000
8000
9000
10000
11000
12000
13000
14000
15000
16000
17000
18000
19000
20000
21000
22000
23000
24000
25000
26000
27000
28000
29000
30000
31000
32000
33000
34000
35000
36000
37000
38000
39000
40000
41000
Currently on spaced seed: 111.1.1111
1000
2000
3000
4000
5000
6000
7000
8000
9000
10000
11000
12000
13000
14000
15000
16000
17000
18000
19000
20000
21000
22000
23000
24000
25000
26000
27000
28000
29000
30000
31000
32000
33000
34000
35000
36000
37000
38000
39000
40000
41000
Currently on spaced seed: 111.11.111
1000
2000
3000
4000
5000
6000
7000
8000
9000
10000
11000
12000
13000
14000
15000
16000
17000
18000
19000
20000
21000
22000
23000
24000
25000
26000
27000
28000
29000
30000
31000
32000
33000
34000
35000
36000
37000
38000
39000
40000
41000
Currently on spaced seed: 1111..1111
1000
2000
3000
4000
5000
6000
7000
8000
9000
10000
11000
12000
13000
14000
15000
16000
17000
18000
19000
20000
21000
22000
23000
24000
25000
26000
27000
28000
29000
30000
31000
32000
33000
34000
35000
36000
37000
38000
39000
40000
41000
Finding top 3 seeds.
Currently on element ranked:	1
AG.GGCGGG	0.457497136448241
Currently on element ranked:	2
AGC..CGCCT	0.42842313749821
Currently on element ranked:	3
AG.GGCGG.G	0.422354738000584
AAAAAAAA AAAAAAAC AAAAAAAG AAAAAAAT AAAAAACA AAAAAACC AAAAAACG AAAAAACT 
       1    16385    32769    49153     4097    20481    36865    53249 
AAAAAAGA AAAAAAGC 
    8193    24577 
It.    0, RSS =    19255.2, Par. =    2.88349    1.93224     2.2163    2.05275    1.53385     2.6136    1.13994    2.01329    3.11228    1.35504    2.18773    1.19808    1.19808    2.18773    1.35504    3.11228    2.01329    1.13994     2.6136    1.53385    2.05275     2.2163    1.93224    2.88349   0.162535    0.35216   0.620043    1.85804    1.90237   0.679964          2
It.    1, RSS =    18268.6, Par. =    3.80735  -0.208788    1.22943    2.36896   0.259699    2.89247  -0.197146    -1.1752   -1.12808   0.666855  -0.314485   0.774784    1.19822   -1.60649   0.179895    2.92788  -0.760792   0.149756    2.60937   0.207249    1.07016   0.880198   0.262133    2.37621   0.553932  -0.158438     1.3732   0.348007   -1.21786  -0.404515    1.70866
It.    2, RSS =    17884.6, Par. =    6.44336   0.289479    1.91793     3.1244   0.702677    3.12233 -0.0142739  -0.632657  -0.753571   0.864949   0.733759   0.742978    1.20203  -0.428013   0.144384    3.90159  0.0377408   0.397455    3.26563   0.911839    1.81131   0.319879    1.12627     3.7469    0.48796  0.00843591     1.9693   0.228199  -0.682132  -0.423455    1.26604
It.    3, RSS =    17755.3, Par. =    6.47099   0.355787    1.41725    1.69872   0.553385    2.60769  -0.369827   -1.10064  -0.193207   0.899963   0.382741   0.518597   0.634361  -0.376606  -0.087558    3.92459   0.310268  0.0406138    3.41695   0.339606    1.91734   0.215514    1.13394    4.10195  -0.160639  -0.185907    2.22647  -0.448779  -0.536889  -0.981461    1.70642
It.    4, RSS =    17705.5, Par. =    6.70369   0.572899    1.51456    2.10335   0.738536    2.29849    0.55181  -0.932363  -0.523674    1.10414   0.631423   0.488639   0.658489 -0.0761426   0.129794    3.83664   0.484773   0.773504    2.08633   0.673874    2.49894   0.319874    1.54541     4.8502  -0.424425  0.0473685    2.63802  -0.626137   -0.24141   -1.27258    1.21006
It.    5, RSS =    17607.6, Par. =    6.67688   0.420552    1.45558     1.7487   0.628465    2.29008   0.336006  -0.953209  -0.444059    1.03536   0.468179   0.442314   0.349587  -0.280455   0.208892    3.77394   0.642381   0.412984    2.13168   0.457259    2.44218   0.402444    1.57444    4.88964  -0.473516  0.0349421    2.50586  -0.688032  -0.245981   -1.45403    1.41645
It.    6, RSS =    17555.9, Par. =    6.56468   0.397897    1.29945    1.31297   0.701401    2.18506   0.660586  -0.881851  -0.472721   0.981869   0.493135   0.424894  0.0287961  -0.326819   0.354033    3.93467   0.822854   0.254079    2.12904   0.487066    2.44861   0.453222     1.9579    5.09017  -0.576481   0.191437    2.32869  -0.762896 -0.0325764   -1.65547    1.31065
It.    7, RSS =    17507.7, Par. =    4.86589   0.136906   0.776442    1.02251   0.532348    1.46198    1.43556  -0.669335  -0.442975   0.999353   0.262615   0.298278  -0.200608  -0.334093   0.304717     3.1328   0.808489  -0.162936    1.91656   0.624544    2.53072   0.806058    2.81408    5.99952  -0.671296   0.305834    2.09842  -0.896046   0.114748   -1.91025   0.999904
It.    8, RSS =    17486.2, Par. =    4.10517   0.145322   0.777584    1.00234   0.524281    1.48633    1.43878  -0.636671  -0.426913    1.00651   0.302148   0.255663  -0.151618  -0.303575   0.288922    3.26165   0.758533  -0.139711     2.0541   0.624863    2.56077   0.831941    2.77778    6.03313  -0.672198   0.334581    2.12185  -0.888646   0.110276   -1.88318    0.96214
It.    9, RSS =    17446.3, Par. =    2.84587   0.159709   0.724018   0.925686   0.484893    1.44432    1.43191  -0.573448  -0.434302    1.00632   0.375296    0.16058  -0.107882   -0.27248   0.273975    3.42411   0.666192   -0.15103    2.28157   0.624842    2.60697    0.92878    2.74227    6.11801  -0.647135   0.332662      2.198  -0.880425  0.0839501   -1.86769   0.921138
It.   10, RSS =    17370.5, Par. =    2.20338   0.220316   0.492141   0.640507   0.356173     1.0507    1.43788   -0.37488  -0.592887   0.916118   0.623951 -0.0341987  -0.211348  -0.165033   0.340288    3.51986   0.518077  -0.178287    2.61664   0.676103    2.72935    1.25945      2.858    6.37552  -0.497943   0.241281    2.47765  -0.827933 -0.0458374    -1.8929   0.821757
It.   11, RSS =    17251.6, Par. =     1.2525   0.192546   0.129446   0.133864   0.122752   0.320727    1.37068  0.0553214  -0.532863   0.681017   0.710936  -0.130641  -0.450649    0.14174   0.251517     2.8596   0.422741 -0.0229276    3.22472   0.789522    2.80674    1.63381    2.96685     7.0628  -0.181472   0.129085     3.3206   -0.70816  -0.712935   -2.13868   0.545546
It.   12, RSS =    17183.7, Par. =    1.34567  -0.109709  -0.166711  -0.110784  -0.461374   -0.10318    1.09196   0.328742 -0.00641749   0.432734   0.770757  -0.404327   -1.14032   0.458491   0.115448    1.79989   0.823112   0.667553    3.29877    1.68323    2.22687    1.43951    1.73695    7.67767  0.0975238   0.169378    4.25808   -1.92839   -2.08488    -2.6918  -0.727571
It.   13, RSS =    17112.2, Par. =   0.797581  0.0252776   -0.16276  -0.203146  -0.447511  -0.138206    1.09764   0.337453  -0.115292    0.58649   0.447783   -0.37329  -0.994255   0.325817   0.143342    1.98479   0.830398   0.536161    3.28686    1.62685    2.15226    1.39413    1.72571    7.61647   0.109768   0.107847    4.07904   -1.83846   -2.22859   -2.79447  -0.657773
It.   14, RSS =    17093.2, Par. =   0.834609   0.097505  -0.142868  -0.187848  -0.393844  -0.179231    1.18884   0.397354  -0.167765   0.594038   0.477349  -0.397797   -1.02724   0.458977   0.198258    1.99442   0.886449   0.630338    3.13571    1.70114    2.15505    1.36002     1.7766    7.57454   0.122712     0.1369    3.95201   -1.83469   -2.20033   -2.72929  -0.782175
It.   15, RSS =  0.0294108, Par. =   0.834609   0.097505  -0.142868  -0.187848  -0.393844  -0.179231    1.18884   0.397354  -0.167765   0.594038   0.477349  -0.397797   -1.02724   0.458977   0.198258    1.99442   0.886449   0.630338    3.13571    1.70114    2.15505    1.36002     1.7766    7.57454   0.122712     0.1369    3.95201   -1.83469   -2.20033   -2.72929  -0.782175
