Currently on spaced seed: 11111111
1000
2000
3000
4000
5000
6000
7000
8000
9000
10000
11000
12000
13000
14000
15000
16000
17000
18000
19000
20000
21000
22000
23000
24000
25000
26000
27000
28000
29000
30000
31000
32000
33000
34000
35000
36000
37000
38000
39000
40000
41000
Currently on spaced seed: 1.1111111
1000
2000
3000
4000
5000
6000
7000
8000
9000
10000
11000
12000
13000
14000
15000
16000
17000
18000
19000
20000
21000
22000
23000
24000
25000
26000
27000
28000
29000
30000
31000
32000
33000
34000
35000
36000
37000
38000
39000
40000
41000
Currently on spaced seed: 11.111111
1000
2000
3000
4000
5000
6000
7000
8000
9000
10000
11000
12000
13000
14000
15000
16000
17000
18000
19000
20000
21000
22000
23000
24000
25000
26000
27000
28000
29000
30000
31000
32000
33000
34000
35000
36000
37000
38000
39000
40000
41000
Currently on spaced seed: 111.11111
1000
2000
3000
4000
5000
6000
7000
8000
9000
10000
11000
12000
13000
14000
15000
16000
17000
18000
19000
20000
21000
22000
23000
24000
25000
26000
27000
28000
29000
30000
31000
32000
33000
34000
35000
36000
37000
38000
39000
40000
41000
Currently on spaced seed: 1111.1111
1000
2000
3000
4000
5000
6000
7000
8000
9000
10000
11000
12000
13000
14000
15000
16000
17000
18000
19000
20000
21000
22000
23000
24000
25000
26000
27000
28000
29000
30000
31000
32000
33000
34000
35000
36000
37000
38000
39000
40000
41000
Currently on spaced seed: 1..1111111
1000
2000
3000
4000
5000
6000
7000
8000
9000
10000
11000
12000
13000
14000
15000
16000
17000
18000
19000
20000
21000
22000
23000
24000
25000
26000
27000
28000
29000
30000
31000
32000
33000
34000
35000
36000
37000
38000
39000
40000
41000
Currently on spaced seed: 1.1.111111
1000
2000
3000
4000
5000
6000
7000
8000
9000
10000
11000
12000
13000
14000
15000
16000
17000
18000
19000
20000
21000
22000
23000
24000
25000
26000
27000
28000
29000
30000
31000
32000
33000
34000
35000
36000
37000
38000
39000
40000
41000
Currently on spaced seed: 1.11.11111
1000
2000
3000
4000
5000
6000
7000
8000
9000
10000
11000
12000
13000
14000
15000
16000
17000
18000
19000
20000
21000
22000
23000
24000
25000
26000
27000
28000
29000
30000
31000
32000
33000
34000
35000
36000
37000
38000
39000
40000
41000
Currently on spaced seed: 1.111.1111
1000
2000
3000
4000
5000
6000
7000
8000
9000
10000
11000
12000
13000
14000
15000
16000
17000
18000
19000
20000
21000
22000
23000
24000
25000
26000
27000
28000
29000
30000
31000
32000
33000
34000
35000
36000
37000
38000
39000
40000
41000
Currently on spaced seed: 1.1111.111
1000
2000
3000
4000
5000
6000
7000
8000
9000
10000
11000
12000
13000
14000
15000
16000
17000
18000
19000
20000
21000
22000
23000
24000
25000
26000
27000
28000
29000
30000
31000
32000
33000
34000
35000
36000
37000
38000
39000
40000
41000
Currently on spaced seed: 1.11111.11
1000
2000
3000
4000
5000
6000
7000
8000
9000
10000
11000
12000
13000
14000
15000
16000
17000
18000
19000
20000
21000
22000
23000
24000
25000
26000
27000
28000
29000
30000
31000
32000
33000
34000
35000
36000
37000
38000
39000
40000
41000
Currently on spaced seed: 1.111111.1
1000
2000
3000
4000
5000
6000
7000
8000
9000
10000
11000
12000
13000
14000
15000
16000
17000
18000
19000
20000
21000
22000
23000
24000
25000
26000
27000
28000
29000
30000
31000
32000
33000
34000
35000
36000
37000
38000
39000
40000
41000
Currently on spaced seed: 11..111111
1000
2000
3000
4000
5000
6000
7000
8000
9000
10000
11000
12000
13000
14000
15000
16000
17000
18000
19000
20000
21000
22000
23000
24000
25000
26000
27000
28000
29000
30000
31000
32000
33000
34000
35000
36000
37000
38000
39000
40000
41000
Currently on spaced seed: 11.1.11111
1000
2000
3000
4000
5000
6000
7000
8000
9000
10000
11000
12000
13000
14000
15000
16000
17000
18000
19000
20000
21000
22000
23000
24000
25000
26000
27000
28000
29000
30000
31000
32000
33000
34000
35000
36000
37000
38000
39000
40000
41000
Currently on spaced seed: 11.11.1111
1000
2000
3000
4000
5000
6000
7000
8000
9000
10000
11000
12000
13000
14000
15000
16000
17000
18000
19000
20000
21000
22000
23000
24000
25000
26000
27000
28000
29000
30000
31000
32000
33000
34000
35000
36000
37000
38000
39000
40000
41000
Currently on spaced seed: 11.111.111
1000
2000
3000
4000
5000
6000
7000
8000
9000
10000
11000
12000
13000
14000
15000
16000
17000
18000
19000
20000
21000
22000
23000
24000
25000
26000
27000
28000
29000
30000
31000
32000
33000
34000
35000
36000
37000
38000
39000
40000
41000
Currently on spaced seed: 11.1111.11
1000
2000
3000
4000
5000
6000
7000
8000
9000
10000
11000
12000
13000
14000
15000
16000
17000
18000
19000
20000
21000
22000
23000
24000
25000
26000
27000
28000
29000
30000
31000
32000
33000
34000
35000
36000
37000
38000
39000
40000
41000
Currently on spaced seed: 111..11111
1000
2000
3000
4000
5000
6000
7000
8000
9000
10000
11000
12000
13000
14000
15000
16000
17000
18000
19000
20000
21000
22000
23000
24000
25000
26000
27000
28000
29000
30000
31000
32000
33000
34000
35000
36000
37000
38000
39000
40000
41000
Currently on spaced seed: 111.1.1111
1000
2000
3000
4000
5000
6000
7000
8000
9000
10000
11000
12000
13000
14000
15000
16000
17000
18000
19000
20000
21000
22000
23000
24000
25000
26000
27000
28000
29000
30000
31000
32000
33000
34000
35000
36000
37000
38000
39000
40000
41000
Currently on spaced seed: 111.11.111
1000
2000
3000
4000
5000
6000
7000
8000
9000
10000
11000
12000
13000
14000
15000
16000
17000
18000
19000
20000
21000
22000
23000
24000
25000
26000
27000
28000
29000
30000
31000
32000
33000
34000
35000
36000
37000
38000
39000
40000
41000
Currently on spaced seed: 1111..1111
1000
2000
3000
4000
5000
6000
7000
8000
9000
10000
11000
12000
13000
14000
15000
16000
17000
18000
19000
20000
21000
22000
23000
24000
25000
26000
27000
28000
29000
30000
31000
32000
33000
34000
35000
36000
37000
38000
39000
40000
41000
Finding top 3 seeds.
Currently on element ranked:	1
AATGGCGG	0.499103771583726
Currently on element ranked:	2
AATGGCG.C	0.498827789443543
Currently on element ranked:	3
AA.ATGGC.G	0.498514603417009
reviewing spot 1000
reviewing spot 2000
reviewing spot 3000
reviewing spot 4000
reviewing spot 5000
reviewing spot 6000
reviewing spot 7000
reviewing spot 8000
reviewing spot 9000
reviewing spot 10000
reviewing spot 11000
reviewing spot 12000
reviewing spot 13000
reviewing spot 14000
reviewing spot 15000
reviewing spot 16000
reviewing spot 17000
reviewing spot 18000
reviewing spot 19000
reviewing spot 20000
reviewing spot 21000
reviewing spot 22000
reviewing spot 23000
reviewing spot 24000
reviewing spot 25000
reviewing spot 26000
reviewing spot 27000
reviewing spot 28000
reviewing spot 29000
reviewing spot 30000
reviewing spot 31000
reviewing spot 32000
reviewing spot 33000
reviewing spot 34000
reviewing spot 35000
reviewing spot 36000
reviewing spot 37000
reviewing spot 38000
reviewing spot 39000
reviewing spot 40000
reviewing spot 41000
Currently on spaced seed: 11111111
1000
2000
3000
4000
5000
6000
7000
8000
9000
10000
11000
12000
13000
14000
15000
16000
17000
18000
19000
20000
21000
22000
23000
24000
25000
26000
27000
28000
29000
30000
31000
32000
33000
34000
35000
36000
37000
38000
39000
40000
41000
Currently on spaced seed: 1.1111111
1000
2000
3000
4000
5000
6000
7000
8000
9000
10000
11000
12000
13000
14000
15000
16000
17000
18000
19000
20000
21000
22000
23000
24000
25000
26000
27000
28000
29000
30000
31000
32000
33000
34000
35000
36000
37000
38000
39000
40000
41000
Currently on spaced seed: 11.111111
1000
2000
3000
4000
5000
6000
7000
8000
9000
10000
11000
12000
13000
14000
15000
16000
17000
18000
19000
20000
21000
22000
23000
24000
25000
26000
27000
28000
29000
30000
31000
32000
33000
34000
35000
36000
37000
38000
39000
40000
41000
Currently on spaced seed: 111.11111
1000
2000
3000
4000
5000
6000
7000
8000
9000
10000
11000
12000
13000
14000
15000
16000
17000
18000
19000
20000
21000
22000
23000
24000
25000
26000
27000
28000
29000
30000
31000
32000
33000
34000
35000
36000
37000
38000
39000
40000
41000
Currently on spaced seed: 1111.1111
1000
2000
3000
4000
5000
6000
7000
8000
9000
10000
11000
12000
13000
14000
15000
16000
17000
18000
19000
20000
21000
22000
23000
24000
25000
26000
27000
28000
29000
30000
31000
32000
33000
34000
35000
36000
37000
38000
39000
40000
41000
Currently on spaced seed: 1..1111111
1000
2000
3000
4000
5000
6000
7000
8000
9000
10000
11000
12000
13000
14000
15000
16000
17000
18000
19000
20000
21000
22000
23000
24000
25000
26000
27000
28000
29000
30000
31000
32000
33000
34000
35000
36000
37000
38000
39000
40000
41000
Currently on spaced seed: 1.1.111111
1000
2000
3000
4000
5000
6000
7000
8000
9000
10000
11000
12000
13000
14000
15000
16000
17000
18000
19000
20000
21000
22000
23000
24000
25000
26000
27000
28000
29000
30000
31000
32000
33000
34000
35000
36000
37000
38000
39000
40000
41000
Currently on spaced seed: 1.11.11111
1000
2000
3000
4000
5000
6000
7000
8000
9000
10000
11000
12000
13000
14000
15000
16000
17000
18000
19000
20000
21000
22000
23000
24000
25000
26000
27000
28000
29000
30000
31000
32000
33000
34000
35000
36000
37000
38000
39000
40000
41000
Currently on spaced seed: 1.111.1111
1000
2000
3000
4000
5000
6000
7000
8000
9000
10000
11000
12000
13000
14000
15000
16000
17000
18000
19000
20000
21000
22000
23000
24000
25000
26000
27000
28000
29000
30000
31000
32000
33000
34000
35000
36000
37000
38000
39000
40000
41000
Currently on spaced seed: 1.1111.111
1000
2000
3000
4000
5000
6000
7000
8000
9000
10000
11000
12000
13000
14000
15000
16000
17000
18000
19000
20000
21000
22000
23000
24000
25000
26000
27000
28000
29000
30000
31000
32000
33000
34000
35000
36000
37000
38000
39000
40000
41000
Currently on spaced seed: 1.11111.11
1000
2000
3000
4000
5000
6000
7000
8000
9000
10000
11000
12000
13000
14000
15000
16000
17000
18000
19000
20000
21000
22000
23000
24000
25000
26000
27000
28000
29000
30000
31000
32000
33000
34000
35000
36000
37000
38000
39000
40000
41000
Currently on spaced seed: 1.111111.1
1000
2000
3000
4000
5000
6000
7000
8000
9000
10000
11000
12000
13000
14000
15000
16000
17000
18000
19000
20000
21000
22000
23000
24000
25000
26000
27000
28000
29000
30000
31000
32000
33000
34000
35000
36000
37000
38000
39000
40000
41000
Currently on spaced seed: 11..111111
1000
2000
3000
4000
5000
6000
7000
8000
9000
10000
11000
12000
13000
14000
15000
16000
17000
18000
19000
20000
21000
22000
23000
24000
25000
26000
27000
28000
29000
30000
31000
32000
33000
34000
35000
36000
37000
38000
39000
40000
41000
Currently on spaced seed: 11.1.11111
1000
2000
3000
4000
5000
6000
7000
8000
9000
10000
11000
12000
13000
14000
15000
16000
17000
18000
19000
20000
21000
22000
23000
24000
25000
26000
27000
28000
29000
30000
31000
32000
33000
34000
35000
36000
37000
38000
39000
40000
41000
Currently on spaced seed: 11.11.1111
1000
2000
3000
4000
5000
6000
7000
8000
9000
10000
11000
12000
13000
14000
15000
16000
17000
18000
19000
20000
21000
22000
23000
24000
25000
26000
27000
28000
29000
30000
31000
32000
33000
34000
35000
36000
37000
38000
39000
40000
41000
Currently on spaced seed: 11.111.111
1000
2000
3000
4000
5000
6000
7000
8000
9000
10000
11000
12000
13000
14000
15000
16000
17000
18000
19000
20000
21000
22000
23000
24000
25000
26000
27000
28000
29000
30000
31000
32000
33000
34000
35000
36000
37000
38000
39000
40000
41000
Currently on spaced seed: 11.1111.11
1000
2000
3000
4000
5000
6000
7000
8000
9000
10000
11000
12000
13000
14000
15000
16000
17000
18000
19000
20000
21000
22000
23000
24000
25000
26000
27000
28000
29000
30000
31000
32000
33000
34000
35000
36000
37000
38000
39000
40000
41000
Currently on spaced seed: 111..11111
1000
2000
3000
4000
5000
6000
7000
8000
9000
10000
11000
12000
13000
14000
15000
16000
17000
18000
19000
20000
21000
22000
23000
24000
25000
26000
27000
28000
29000
30000
31000
32000
33000
34000
35000
36000
37000
38000
39000
40000
41000
Currently on spaced seed: 111.1.1111
1000
2000
3000
4000
5000
6000
7000
8000
9000
10000
11000
12000
13000
14000
15000
16000
17000
18000
19000
20000
21000
22000
23000
24000
25000
26000
27000
28000
29000
30000
31000
32000
33000
34000
35000
36000
37000
38000
39000
40000
41000
Currently on spaced seed: 111.11.111
1000
2000
3000
4000
5000
6000
7000
8000
9000
10000
11000
12000
13000
14000
15000
16000
17000
18000
19000
20000
21000
22000
23000
24000
25000
26000
27000
28000
29000
30000
31000
32000
33000
34000
35000
36000
37000
38000
39000
40000
41000
Currently on spaced seed: 1111..1111
1000
2000
3000
4000
5000
6000
7000
8000
9000
10000
11000
12000
13000
14000
15000
16000
17000
18000
19000
20000
21000
22000
23000
24000
25000
26000
27000
28000
29000
30000
31000
32000
33000
34000
35000
36000
37000
38000
39000
40000
41000
Finding top 3 seeds.
Currently on element ranked:	1
AA.ATGGC.G	0.492650567910661
Currently on element ranked:	2
AA.ATGGCG	0.49111695078948
Currently on element ranked:	3
AAGATGGC	0.491030520689161
AAAAAAAA AAAAAAAC AAAAAAAG AAAAAAAT AAAAAACA AAAAAACC AAAAAACG AAAAAACT 
       1    16385    32769    49153     4097    20481    36865    53249 
AAAAAAGA AAAAAAGC 
    8193    24577 
It.    0, RSS =    28014.8, Par. =    1.39312    0.57575    2.97047    2.82791     4.8835    2.45748    5.72142    6.18866    6.09456    6.09159    6.06713    5.95584    6.57289    5.20785    6.26022    6.46752    6.34373    4.69537      4.381    7.12705    3.77558    5.76483    3.33875    4.58126    3.72422    2.40682    2.84563    2.86936    3.78169    2.83985          2
It.    1, RSS =    26796.4, Par. =    1.27709   0.499212    2.83332    2.80266      4.494    2.50474    5.78143    5.66219    6.17313    5.99538    5.91271    6.01163     6.5765    5.13017    6.32626     5.5361    6.29039    4.67357    4.31669    6.60523    3.78484    5.41244    3.15265    4.40982    3.33354    2.40692    2.73788    2.63426    3.53516    2.77039    2.11865
It.    2, RSS =    24605.9, Par. =    1.03824   0.376994    2.56151    2.76595    3.95643    2.59734    5.90007    4.89806    5.74496    5.86611    5.65942    6.04622    6.59828    4.91325    6.39739    4.71706    6.21662    4.64881    4.18045    6.06676    3.81961    4.96178    2.84594    4.12133     2.7929    2.42311    2.55904    2.21225    3.15587    2.63614     2.3232
It.    3, RSS =      21789, Par. =   0.673329   0.259051    1.89942    2.58405    3.18791    2.63823    6.07955    4.17101     3.6286    5.69179      5.303    5.88136    6.56247    4.35088    6.36441    3.79069    6.01755    4.50727    3.74797    5.49246    3.78687    4.37802    2.29802    3.55355    2.02756    2.34291     2.2134    1.43185    2.54084    2.21568    2.42108
It.    4, RSS =    19649.5, Par. =   0.303846   0.123928    1.17724    1.74223     2.1873    1.91106    5.86738    3.94749    3.33735    5.09161    4.85069    5.46072    5.85242    3.82807    6.24119     3.2354    5.03221    3.55534    2.66747     4.4011    2.88439    3.28278    1.56443    2.42488    1.43001    1.55751     1.5183   0.810116    1.53688    1.26059    1.42364
It.    5, RSS =      18999, Par. =   0.139874  0.0987131   0.957764    1.35682    1.79783    1.42892    6.31437    4.17792    4.08976    5.28694    4.75063      5.566    5.32793    3.47491    4.05667    3.28116    4.27949    2.97181    2.17059    3.52347    2.23816    2.53065    1.31209    2.01158    1.34212    1.19706    1.26806    0.62831    1.11667    1.00545   0.658698
It.    6, RSS =    18808.7, Par. =   0.076885  0.0599114   0.793085     1.1785    1.56983    1.21091    7.12123    4.31115    4.93137    5.86105    4.53388    5.94868    4.76204     3.2079    4.09093     3.1803    3.84686     2.6737    1.92255    3.13023    1.96805    2.20336     1.1275    1.77904     1.1518    1.04184    1.09214   0.508246   0.921027   0.836898 -0.0983979
It.    7, RSS =    18736.6, Par. =  0.0527278  0.0424173   0.718739    1.09515    1.46713    1.11748    7.49019     4.3354    5.30564    6.57607    4.24187     5.8675    4.51751    3.04329    3.48416    3.05548    3.67019    2.53065    1.79989    2.90312    1.84114    2.07095    1.04604      1.678    1.06591   0.972606    1.01766   0.471693   0.855045   0.770998  -0.750189
It.    8, RSS =    18706.6, Par. =  0.0411264  0.0291111   0.664994    1.04138    1.40411    1.06336    7.56787    4.25249    5.63989    6.94791    4.11566    6.09443    4.33602    2.96433    3.53631    2.97319    3.54651     2.4457    1.73266    2.78883    1.76563    1.99322   0.990757    1.61193    0.99414   0.924171   0.960467    0.44282   0.810863   0.724992   -1.41723
It.    9, RSS =    18694.4, Par. =  0.0352545  0.0244805   0.643591    1.02011    1.37994    1.04189    7.62206    4.26313    5.91367    6.98084    4.02898    5.84853    4.26267    2.91612    3.33111    2.94416    3.51248    2.41021    1.70424    2.73178    1.73699     1.9654   0.971174    1.58848   0.967085   0.905858   0.940323   0.434572   0.795147   0.708299   -1.98769
It.   10, RSS =    18693.2, Par. =  0.0315723  0.0207308   0.610583   0.981332    1.33567    1.00266    7.41503    4.15581    6.33312    6.83673    3.95598    6.35957    4.17837    2.87538     3.3508    2.89745    3.43731    2.36037    1.66134    2.67046     1.6852     1.9153   0.933212    1.54221   0.919241   0.867011   0.898392   0.412887   0.760475   0.675424    -3.1314
It.   11, RSS =    18688.3, Par. =  0.0297913   0.020632   0.618429   0.992522    1.34896    1.01359    9.11876    4.28393     5.7875    7.79318    3.93835    5.20471    4.16841    2.86245    3.24477      2.904    3.45951    2.36487    1.66989    2.66557    1.70082    1.93012   0.946673    1.55899   0.934307   0.881159   0.913625   0.422019   0.773244   0.685988   -3.70738
It.   12, RSS =    18687.9, Par. =  0.0296483  0.0172123   0.613051   0.992898    1.34832    1.01591    6.65458    4.14357    5.91047    6.81059    3.97276    6.75569     4.1831    2.87915    3.34234    2.89954     3.4527    2.36861    1.67234    2.67591    1.69965     1.9285    0.94269    1.55592   0.924741   0.880205   0.909734     0.4206   0.773944   0.684502   -3.73018
It.   13, RSS =    18687.7, Par. =  0.0291997  0.0181769   0.614735   0.992986    1.34958      1.016    7.75268    4.21622    5.92731    6.88593    3.94941    5.86579    4.17034    2.86889    3.28285    2.90291    3.45804    2.36748    1.67165    2.67283     1.7002    1.92995   0.944552    1.55711    0.92696   0.880787   0.911191   0.422171   0.774384   0.685582   -3.73445
It.   14, RSS =    18687.7, Par. =  0.0293068  0.0178471   0.613852   0.992639    1.34861    1.01572    7.24852    4.20693    6.03392    7.12185    3.95997    6.40626    4.17617    2.87363    3.31806     2.8992    3.45433    2.36744    1.67152    2.67325    1.69947    1.92885   0.943699     1.5564   0.925653   0.880394   0.910315   0.421589   0.774067   0.684989   -3.77207
It.   15, RSS =  0.0202926, Par. =  0.0293068  0.0178471   0.613852   0.992639    1.34861    1.01572    7.24852    4.20693    6.03392    7.12185    3.95997    6.40626    4.17617    2.87363    3.31806     2.8992    3.45433    2.36744    1.67152    2.67325    1.69947    1.92885   0.943699     1.5564   0.925653   0.880394   0.910315   0.421589   0.774067   0.684989   -3.77207
