Currently on spaced seed: 11111111
1000
2000
3000
4000
5000
6000
7000
8000
9000
10000
11000
12000
13000
14000
15000
16000
17000
18000
19000
20000
21000
22000
23000
24000
25000
26000
27000
28000
29000
30000
31000
32000
33000
34000
35000
36000
37000
38000
39000
40000
41000
Currently on spaced seed: 1.1111111
1000
2000
3000
4000
5000
6000
7000
8000
9000
10000
11000
12000
13000
14000
15000
16000
17000
18000
19000
20000
21000
22000
23000
24000
25000
26000
27000
28000
29000
30000
31000
32000
33000
34000
35000
36000
37000
38000
39000
40000
41000
Currently on spaced seed: 11.111111
1000
2000
3000
4000
5000
6000
7000
8000
9000
10000
11000
12000
13000
14000
15000
16000
17000
18000
19000
20000
21000
22000
23000
24000
25000
26000
27000
28000
29000
30000
31000
32000
33000
34000
35000
36000
37000
38000
39000
40000
41000
Currently on spaced seed: 111.11111
1000
2000
3000
4000
5000
6000
7000
8000
9000
10000
11000
12000
13000
14000
15000
16000
17000
18000
19000
20000
21000
22000
23000
24000
25000
26000
27000
28000
29000
30000
31000
32000
33000
34000
35000
36000
37000
38000
39000
40000
41000
Currently on spaced seed: 1111.1111
1000
2000
3000
4000
5000
6000
7000
8000
9000
10000
11000
12000
13000
14000
15000
16000
17000
18000
19000
20000
21000
22000
23000
24000
25000
26000
27000
28000
29000
30000
31000
32000
33000
34000
35000
36000
37000
38000
39000
40000
41000
Currently on spaced seed: 1..1111111
1000
2000
3000
4000
5000
6000
7000
8000
9000
10000
11000
12000
13000
14000
15000
16000
17000
18000
19000
20000
21000
22000
23000
24000
25000
26000
27000
28000
29000
30000
31000
32000
33000
34000
35000
36000
37000
38000
39000
40000
41000
Currently on spaced seed: 1.1.111111
1000
2000
3000
4000
5000
6000
7000
8000
9000
10000
11000
12000
13000
14000
15000
16000
17000
18000
19000
20000
21000
22000
23000
24000
25000
26000
27000
28000
29000
30000
31000
32000
33000
34000
35000
36000
37000
38000
39000
40000
41000
Currently on spaced seed: 1.11.11111
1000
2000
3000
4000
5000
6000
7000
8000
9000
10000
11000
12000
13000
14000
15000
16000
17000
18000
19000
20000
21000
22000
23000
24000
25000
26000
27000
28000
29000
30000
31000
32000
33000
34000
35000
36000
37000
38000
39000
40000
41000
Currently on spaced seed: 1.111.1111
1000
2000
3000
4000
5000
6000
7000
8000
9000
10000
11000
12000
13000
14000
15000
16000
17000
18000
19000
20000
21000
22000
23000
24000
25000
26000
27000
28000
29000
30000
31000
32000
33000
34000
35000
36000
37000
38000
39000
40000
41000
Currently on spaced seed: 1.1111.111
1000
2000
3000
4000
5000
6000
7000
8000
9000
10000
11000
12000
13000
14000
15000
16000
17000
18000
19000
20000
21000
22000
23000
24000
25000
26000
27000
28000
29000
30000
31000
32000
33000
34000
35000
36000
37000
38000
39000
40000
41000
Currently on spaced seed: 1.11111.11
1000
2000
3000
4000
5000
6000
7000
8000
9000
10000
11000
12000
13000
14000
15000
16000
17000
18000
19000
20000
21000
22000
23000
24000
25000
26000
27000
28000
29000
30000
31000
32000
33000
34000
35000
36000
37000
38000
39000
40000
41000
Currently on spaced seed: 1.111111.1
1000
2000
3000
4000
5000
6000
7000
8000
9000
10000
11000
12000
13000
14000
15000
16000
17000
18000
19000
20000
21000
22000
23000
24000
25000
26000
27000
28000
29000
30000
31000
32000
33000
34000
35000
36000
37000
38000
39000
40000
41000
Currently on spaced seed: 11..111111
1000
2000
3000
4000
5000
6000
7000
8000
9000
10000
11000
12000
13000
14000
15000
16000
17000
18000
19000
20000
21000
22000
23000
24000
25000
26000
27000
28000
29000
30000
31000
32000
33000
34000
35000
36000
37000
38000
39000
40000
41000
Currently on spaced seed: 11.1.11111
1000
2000
3000
4000
5000
6000
7000
8000
9000
10000
11000
12000
13000
14000
15000
16000
17000
18000
19000
20000
21000
22000
23000
24000
25000
26000
27000
28000
29000
30000
31000
32000
33000
34000
35000
36000
37000
38000
39000
40000
41000
Currently on spaced seed: 11.11.1111
1000
2000
3000
4000
5000
6000
7000
8000
9000
10000
11000
12000
13000
14000
15000
16000
17000
18000
19000
20000
21000
22000
23000
24000
25000
26000
27000
28000
29000
30000
31000
32000
33000
34000
35000
36000
37000
38000
39000
40000
41000
Currently on spaced seed: 11.111.111
1000
2000
3000
4000
5000
6000
7000
8000
9000
10000
11000
12000
13000
14000
15000
16000
17000
18000
19000
20000
21000
22000
23000
24000
25000
26000
27000
28000
29000
30000
31000
32000
33000
34000
35000
36000
37000
38000
39000
40000
41000
Currently on spaced seed: 11.1111.11
1000
2000
3000
4000
5000
6000
7000
8000
9000
10000
11000
12000
13000
14000
15000
16000
17000
18000
19000
20000
21000
22000
23000
24000
25000
26000
27000
28000
29000
30000
31000
32000
33000
34000
35000
36000
37000
38000
39000
40000
41000
Currently on spaced seed: 111..11111
1000
2000
3000
4000
5000
6000
7000
8000
9000
10000
11000
12000
13000
14000
15000
16000
17000
18000
19000
20000
21000
22000
23000
24000
25000
26000
27000
28000
29000
30000
31000
32000
33000
34000
35000
36000
37000
38000
39000
40000
41000
Currently on spaced seed: 111.1.1111
1000
2000
3000
4000
5000
6000
7000
8000
9000
10000
11000
12000
13000
14000
15000
16000
17000
18000
19000
20000
21000
22000
23000
24000
25000
26000
27000
28000
29000
30000
31000
32000
33000
34000
35000
36000
37000
38000
39000
40000
41000
Currently on spaced seed: 111.11.111
1000
2000
3000
4000
5000
6000
7000
8000
9000
10000
11000
12000
13000
14000
15000
16000
17000
18000
19000
20000
21000
22000
23000
24000
25000
26000
27000
28000
29000
30000
31000
32000
33000
34000
35000
36000
37000
38000
39000
40000
41000
Currently on spaced seed: 1111..1111
1000
2000
3000
4000
5000
6000
7000
8000
9000
10000
11000
12000
13000
14000
15000
16000
17000
18000
19000
20000
21000
22000
23000
24000
25000
26000
27000
28000
29000
30000
31000
32000
33000
34000
35000
36000
37000
38000
39000
40000
41000
Finding top 3 seeds.
Currently on element ranked:	1
A.TAGGTCA	0.484236923811798
Currently on element ranked:	2
AT.TATA.AT	0.477851652024446
Currently on element ranked:	3
TAAT..TATA	0.477514807030951
reviewing spot 1000
reviewing spot 2000
reviewing spot 3000
reviewing spot 4000
reviewing spot 5000
reviewing spot 6000
reviewing spot 7000
reviewing spot 8000
reviewing spot 9000
reviewing spot 10000
reviewing spot 11000
reviewing spot 12000
reviewing spot 13000
reviewing spot 14000
reviewing spot 15000
reviewing spot 16000
reviewing spot 17000
reviewing spot 18000
reviewing spot 19000
reviewing spot 20000
reviewing spot 21000
reviewing spot 22000
reviewing spot 23000
reviewing spot 24000
reviewing spot 25000
reviewing spot 26000
reviewing spot 27000
reviewing spot 28000
reviewing spot 29000
reviewing spot 30000
reviewing spot 31000
reviewing spot 32000
reviewing spot 33000
reviewing spot 34000
reviewing spot 35000
reviewing spot 36000
reviewing spot 37000
reviewing spot 38000
reviewing spot 39000
reviewing spot 40000
reviewing spot 41000
Currently on spaced seed: 11111111
1000
2000
3000
4000
5000
6000
7000
8000
9000
10000
11000
12000
13000
14000
15000
16000
17000
18000
19000
20000
21000
22000
23000
24000
25000
26000
27000
28000
29000
30000
31000
32000
33000
34000
35000
36000
37000
38000
39000
40000
41000
Currently on spaced seed: 1.1111111
1000
2000
3000
4000
5000
6000
7000
8000
9000
10000
11000
12000
13000
14000
15000
16000
17000
18000
19000
20000
21000
22000
23000
24000
25000
26000
27000
28000
29000
30000
31000
32000
33000
34000
35000
36000
37000
38000
39000
40000
41000
Currently on spaced seed: 11.111111
1000
2000
3000
4000
5000
6000
7000
8000
9000
10000
11000
12000
13000
14000
15000
16000
17000
18000
19000
20000
21000
22000
23000
24000
25000
26000
27000
28000
29000
30000
31000
32000
33000
34000
35000
36000
37000
38000
39000
40000
41000
Currently on spaced seed: 111.11111
1000
2000
3000
4000
5000
6000
7000
8000
9000
10000
11000
12000
13000
14000
15000
16000
17000
18000
19000
20000
21000
22000
23000
24000
25000
26000
27000
28000
29000
30000
31000
32000
33000
34000
35000
36000
37000
38000
39000
40000
41000
Currently on spaced seed: 1111.1111
1000
2000
3000
4000
5000
6000
7000
8000
9000
10000
11000
12000
13000
14000
15000
16000
17000
18000
19000
20000
21000
22000
23000
24000
25000
26000
27000
28000
29000
30000
31000
32000
33000
34000
35000
36000
37000
38000
39000
40000
41000
Currently on spaced seed: 1..1111111
1000
2000
3000
4000
5000
6000
7000
8000
9000
10000
11000
12000
13000
14000
15000
16000
17000
18000
19000
20000
21000
22000
23000
24000
25000
26000
27000
28000
29000
30000
31000
32000
33000
34000
35000
36000
37000
38000
39000
40000
41000
Currently on spaced seed: 1.1.111111
1000
2000
3000
4000
5000
6000
7000
8000
9000
10000
11000
12000
13000
14000
15000
16000
17000
18000
19000
20000
21000
22000
23000
24000
25000
26000
27000
28000
29000
30000
31000
32000
33000
34000
35000
36000
37000
38000
39000
40000
41000
Currently on spaced seed: 1.11.11111
1000
2000
3000
4000
5000
6000
7000
8000
9000
10000
11000
12000
13000
14000
15000
16000
17000
18000
19000
20000
21000
22000
23000
24000
25000
26000
27000
28000
29000
30000
31000
32000
33000
34000
35000
36000
37000
38000
39000
40000
41000
Currently on spaced seed: 1.111.1111
1000
2000
3000
4000
5000
6000
7000
8000
9000
10000
11000
12000
13000
14000
15000
16000
17000
18000
19000
20000
21000
22000
23000
24000
25000
26000
27000
28000
29000
30000
31000
32000
33000
34000
35000
36000
37000
38000
39000
40000
41000
Currently on spaced seed: 1.1111.111
1000
2000
3000
4000
5000
6000
7000
8000
9000
10000
11000
12000
13000
14000
15000
16000
17000
18000
19000
20000
21000
22000
23000
24000
25000
26000
27000
28000
29000
30000
31000
32000
33000
34000
35000
36000
37000
38000
39000
40000
41000
Currently on spaced seed: 1.11111.11
1000
2000
3000
4000
5000
6000
7000
8000
9000
10000
11000
12000
13000
14000
15000
16000
17000
18000
19000
20000
21000
22000
23000
24000
25000
26000
27000
28000
29000
30000
31000
32000
33000
34000
35000
36000
37000
38000
39000
40000
41000
Currently on spaced seed: 1.111111.1
1000
2000
3000
4000
5000
6000
7000
8000
9000
10000
11000
12000
13000
14000
15000
16000
17000
18000
19000
20000
21000
22000
23000
24000
25000
26000
27000
28000
29000
30000
31000
32000
33000
34000
35000
36000
37000
38000
39000
40000
41000
Currently on spaced seed: 11..111111
1000
2000
3000
4000
5000
6000
7000
8000
9000
10000
11000
12000
13000
14000
15000
16000
17000
18000
19000
20000
21000
22000
23000
24000
25000
26000
27000
28000
29000
30000
31000
32000
33000
34000
35000
36000
37000
38000
39000
40000
41000
Currently on spaced seed: 11.1.11111
1000
2000
3000
4000
5000
6000
7000
8000
9000
10000
11000
12000
13000
14000
15000
16000
17000
18000
19000
20000
21000
22000
23000
24000
25000
26000
27000
28000
29000
30000
31000
32000
33000
34000
35000
36000
37000
38000
39000
40000
41000
Currently on spaced seed: 11.11.1111
1000
2000
3000
4000
5000
6000
7000
8000
9000
10000
11000
12000
13000
14000
15000
16000
17000
18000
19000
20000
21000
22000
23000
24000
25000
26000
27000
28000
29000
30000
31000
32000
33000
34000
35000
36000
37000
38000
39000
40000
41000
Currently on spaced seed: 11.111.111
1000
2000
3000
4000
5000
6000
7000
8000
9000
10000
11000
12000
13000
14000
15000
16000
17000
18000
19000
20000
21000
22000
23000
24000
25000
26000
27000
28000
29000
30000
31000
32000
33000
34000
35000
36000
37000
38000
39000
40000
41000
Currently on spaced seed: 11.1111.11
1000
2000
3000
4000
5000
6000
7000
8000
9000
10000
11000
12000
13000
14000
15000
16000
17000
18000
19000
20000
21000
22000
23000
24000
25000
26000
27000
28000
29000
30000
31000
32000
33000
34000
35000
36000
37000
38000
39000
40000
41000
Currently on spaced seed: 111..11111
1000
2000
3000
4000
5000
6000
7000
8000
9000
10000
11000
12000
13000
14000
15000
16000
17000
18000
19000
20000
21000
22000
23000
24000
25000
26000
27000
28000
29000
30000
31000
32000
33000
34000
35000
36000
37000
38000
39000
40000
41000
Currently on spaced seed: 111.1.1111
1000
2000
3000
4000
5000
6000
7000
8000
9000
10000
11000
12000
13000
14000
15000
16000
17000
18000
19000
20000
21000
22000
23000
24000
25000
26000
27000
28000
29000
30000
31000
32000
33000
34000
35000
36000
37000
38000
39000
40000
41000
Currently on spaced seed: 111.11.111
1000
2000
3000
4000
5000
6000
7000
8000
9000
10000
11000
12000
13000
14000
15000
16000
17000
18000
19000
20000
21000
22000
23000
24000
25000
26000
27000
28000
29000
30000
31000
32000
33000
34000
35000
36000
37000
38000
39000
40000
41000
Currently on spaced seed: 1111..1111
1000
2000
3000
4000
5000
6000
7000
8000
9000
10000
11000
12000
13000
14000
15000
16000
17000
18000
19000
20000
21000
22000
23000
24000
25000
26000
27000
28000
29000
30000
31000
32000
33000
34000
35000
36000
37000
38000
39000
40000
41000
Finding top 3 seeds.
Currently on element ranked:	1
TA.TA.TATA	0.470076897358743
Currently on element ranked:	2
AT.TATA.AT	0.463861965240642
Currently on element ranked:	3
TTA.T.GCAA	0.460334471723347
AAAAAAAA AAAAAAAC AAAAAAAG AAAAAAAT AAAAAACA AAAAAACC AAAAAACG AAAAAACT 
       1    16385    32769    49153     4097    20481    36865    53249 
AAAAAAGA AAAAAAGC 
    8193    24577 
It.    0, RSS =    22641.4, Par. =    2.90962    2.56305    1.79798    4.00215    3.07219    1.59244   0.861832     0.8236    1.84753    4.12682    3.32753    3.40116    4.17657    1.64399     3.8648    2.96263    3.42034    3.24748    2.84901    3.10573    3.22184    2.73842    2.81191     3.8072    2.96055    3.93376    3.06608    4.25961    2.54693    3.74362          2
It.    1, RSS =      21589, Par. =    2.21175    1.38826    1.20598    3.40871    2.85827   0.492207   0.520533   0.108482  -0.585068  -0.373601    1.64534    1.94163    3.52621   0.661829    2.99155    1.38648    3.24388 -0.0183312    1.95705    2.53651    2.38655    2.30976     1.3908   0.931756    1.99048    1.99414    1.61295    4.58777    0.86728    2.49052    1.60962
It.    2, RSS =    13387.6, Par. =   0.703749   0.690965  -0.204934    1.05125    1.07684   0.166816  -0.244991   0.421393   0.895029   0.465985   0.770917   0.425974    2.43027   0.688029  -0.544136  0.0174072  -0.648586    0.15239  -0.634516   0.602168  -0.280989   0.307694   0.712223   0.565066  -0.232511    1.11459  -0.552361    1.22323    0.51705   0.148218   0.216812
It.    3, RSS =      12782, Par. =   0.481623  0.0303508  -0.137169    1.16424   0.613328  0.0688962  -0.218471   0.306801   0.858674    0.20357   0.971536    1.49977    2.51155   0.531106  -0.541478   -1.34829  -0.575389  -0.189133  -0.829673   0.184956   0.317894 -0.0711229   0.687117   0.452821  -0.370687    1.26673  -0.026007   0.609538   0.186352   0.696827   0.507366
It.    4, RSS =    12170.3, Par. =   0.194783  -0.448541 -0.00955418   0.376311   0.622313 -0.0484726   0.575801   0.425107   0.865067   0.538464   0.819877    2.16918    3.77448   0.600981  -0.973917  -0.460936  -0.822604  -0.653804  -0.374286    0.17201  -0.429843   0.127834   0.744223    0.38077   0.165423    1.13877    0.38908   0.110904  0.0545405   0.922734   0.491882
It.    5, RSS =    11902.6, Par. =   0.356467  -0.811735  0.0461176  0.0268935  0.0615183  0.0279571   0.225699    0.89312   0.667481   0.487473    1.02048    2.09366    5.23171   0.185712 -0.0817586   -1.74067  -0.857559  -0.818075  -0.526401   0.253723  -0.117327  -0.184014   0.914632     0.1815   0.282661   0.563796    0.80437  -0.348841  -0.175612   0.974322   0.659726
It.    6, RSS =    11365.4, Par. =   0.237494  -0.691058 -0.00204212  -0.102301   0.229627 -0.0427928   0.483236   0.785704   0.715272   0.782094   0.726224    2.42093    5.13234   0.317177  -0.149521   -1.36826   -0.94121  -0.964851   -0.21822  0.0920673  -0.242494  -0.104273   0.706354   0.348164    0.44258   0.702794   0.812622  -0.399264 -0.0424556    0.96508   0.564981
It.    7, RSS =    11187.6, Par. =  0.0860389  -0.664603 -0.0650874  -0.223953    0.19153  -0.152458   0.516676   0.687099   0.674937    1.15014   0.457466    2.18271    5.24574   0.271923 -0.00679486    -1.3471  -0.734917   -1.23604 -0.0344613 -0.0384715   -0.37127  -0.113508   0.585153   0.323301   0.659931   0.535006   0.757431  -0.533443  0.0217612   0.798815   0.526866
It.    8, RSS =    11149.1, Par. =  0.0349882  -0.643525 -0.0351476  -0.286957   0.228112  -0.274295   0.284253    0.75318   0.616053    1.07945   0.338532    2.17292    5.57988   0.362129   0.276432   -1.74076  -0.443999   -1.05011 -0.0276645  -0.143627  -0.272967  -0.259851   0.400747   0.328462   0.633136   0.521134   0.878481  -0.538059 -0.0600013    0.81828   0.373702
It.    9, RSS =      11095, Par. = -0.0237931  -0.655498 -0.0336177  -0.296628   0.193389  -0.316721   0.295785   0.726691   0.568133    1.19246   0.259425    2.18119    5.55802   0.438029   0.230323   -1.54458   -0.50137   -1.11898  0.0823274  -0.149091  -0.380494  -0.288945   0.413356   0.297936   0.662553   0.506713   0.826202  -0.571154 -0.0472978   0.756168   0.361932
It.   10, RSS =    11070.4, Par. = -0.00179116  -0.652678 -0.0113254  -0.333796   0.165174  -0.394857   0.257916   0.722235   0.558177    1.18616   0.247085    2.10051    5.30516   0.516962   0.322014    -1.5695   -0.31422   -1.04708   0.195767  -0.168696  -0.403092   -0.32625    0.36042   0.318041   0.624936   0.521424    0.81033  -0.598384  -0.091158   0.715596   0.232285
It.   11, RSS =    11054.2, Par. = -0.0306032  -0.660862  0.0180579  -0.377846   0.128879  -0.454843   0.152158   0.733214   0.481863    1.22219   0.164699    2.12207    4.88398   0.529788   0.407467   -1.50102  -0.354947   -1.00247   0.249432  -0.177166  -0.471257  -0.347858    0.35389   0.254353   0.577995   0.453485   0.747044   -0.67076   -0.11662   0.627178   0.168821
It.   12, RSS =    11042.2, Par. = -0.00587789  -0.632168  0.0325639  -0.382997   0.160202  -0.475856    0.18305   0.697756   0.492544    1.20306   0.218638    2.03309    4.27726   0.587676   0.444977   -1.53259  -0.202509  -0.905012   0.299847  -0.182427  -0.453938  -0.352526   0.315161   0.307456   0.523082   0.467676   0.762591  -0.666688  -0.155482   0.640417  0.0485895
It.   13, RSS =    11019.9, Par. =  -0.029786  -0.646589  0.0437971  -0.391998   0.134895  -0.482323   0.134377   0.709773   0.454885    1.22199    0.17662    2.04119    4.16392   0.560071   0.453119   -1.50416  -0.255758  -0.913419    0.31489   -0.19236   -0.49508  -0.353583   0.321241   0.260825   0.518059   0.438425   0.724672  -0.694593  -0.159465   0.602932  0.0606702
It.   14, RSS =    11007.4, Par. = -0.0254432  -0.639413  0.0643194  -0.396856   0.137089  -0.491191   0.117666   0.697728   0.444624     1.2217   0.191512    2.01218    3.88519   0.571575   0.491316   -1.47734  -0.237892  -0.858135   0.345245  -0.182176  -0.501199  -0.336508   0.292839   0.257617   0.487213    0.41026   0.709963  -0.702738  -0.178235   0.578024 -0.00112115
It.   15, RSS =  0.0397266, Par. = -0.0254432  -0.639413  0.0643194  -0.396856   0.137089  -0.491191   0.117666   0.697728   0.444624     1.2217   0.191512    2.01218    3.88519   0.571575   0.491316   -1.47734  -0.237892  -0.858135   0.345245  -0.182176  -0.501199  -0.336508   0.292839   0.257617   0.487213    0.41026   0.709963  -0.702738  -0.178235   0.578024 -0.00112115
The IC threshold given would trim all PWM positions.
