Currently on spaced seed: 11111111
1000
2000
3000
4000
5000
6000
7000
8000
9000
10000
11000
12000
13000
14000
15000
16000
17000
18000
19000
20000
21000
22000
23000
24000
25000
26000
27000
28000
29000
30000
31000
32000
33000
34000
35000
36000
37000
38000
39000
40000
41000
Currently on spaced seed: 1.1111111
1000
2000
3000
4000
5000
6000
7000
8000
9000
10000
11000
12000
13000
14000
15000
16000
17000
18000
19000
20000
21000
22000
23000
24000
25000
26000
27000
28000
29000
30000
31000
32000
33000
34000
35000
36000
37000
38000
39000
40000
41000
Currently on spaced seed: 11.111111
1000
2000
3000
4000
5000
6000
7000
8000
9000
10000
11000
12000
13000
14000
15000
16000
17000
18000
19000
20000
21000
22000
23000
24000
25000
26000
27000
28000
29000
30000
31000
32000
33000
34000
35000
36000
37000
38000
39000
40000
41000
Currently on spaced seed: 111.11111
1000
2000
3000
4000
5000
6000
7000
8000
9000
10000
11000
12000
13000
14000
15000
16000
17000
18000
19000
20000
21000
22000
23000
24000
25000
26000
27000
28000
29000
30000
31000
32000
33000
34000
35000
36000
37000
38000
39000
40000
41000
Currently on spaced seed: 1111.1111
1000
2000
3000
4000
5000
6000
7000
8000
9000
10000
11000
12000
13000
14000
15000
16000
17000
18000
19000
20000
21000
22000
23000
24000
25000
26000
27000
28000
29000
30000
31000
32000
33000
34000
35000
36000
37000
38000
39000
40000
41000
Currently on spaced seed: 1..1111111
1000
2000
3000
4000
5000
6000
7000
8000
9000
10000
11000
12000
13000
14000
15000
16000
17000
18000
19000
20000
21000
22000
23000
24000
25000
26000
27000
28000
29000
30000
31000
32000
33000
34000
35000
36000
37000
38000
39000
40000
41000
Currently on spaced seed: 1.1.111111
1000
2000
3000
4000
5000
6000
7000
8000
9000
10000
11000
12000
13000
14000
15000
16000
17000
18000
19000
20000
21000
22000
23000
24000
25000
26000
27000
28000
29000
30000
31000
32000
33000
34000
35000
36000
37000
38000
39000
40000
41000
Currently on spaced seed: 1.11.11111
1000
2000
3000
4000
5000
6000
7000
8000
9000
10000
11000
12000
13000
14000
15000
16000
17000
18000
19000
20000
21000
22000
23000
24000
25000
26000
27000
28000
29000
30000
31000
32000
33000
34000
35000
36000
37000
38000
39000
40000
41000
Currently on spaced seed: 1.111.1111
1000
2000
3000
4000
5000
6000
7000
8000
9000
10000
11000
12000
13000
14000
15000
16000
17000
18000
19000
20000
21000
22000
23000
24000
25000
26000
27000
28000
29000
30000
31000
32000
33000
34000
35000
36000
37000
38000
39000
40000
41000
Currently on spaced seed: 1.1111.111
1000
2000
3000
4000
5000
6000
7000
8000
9000
10000
11000
12000
13000
14000
15000
16000
17000
18000
19000
20000
21000
22000
23000
24000
25000
26000
27000
28000
29000
30000
31000
32000
33000
34000
35000
36000
37000
38000
39000
40000
41000
Currently on spaced seed: 1.11111.11
1000
2000
3000
4000
5000
6000
7000
8000
9000
10000
11000
12000
13000
14000
15000
16000
17000
18000
19000
20000
21000
22000
23000
24000
25000
26000
27000
28000
29000
30000
31000
32000
33000
34000
35000
36000
37000
38000
39000
40000
41000
Currently on spaced seed: 1.111111.1
1000
2000
3000
4000
5000
6000
7000
8000
9000
10000
11000
12000
13000
14000
15000
16000
17000
18000
19000
20000
21000
22000
23000
24000
25000
26000
27000
28000
29000
30000
31000
32000
33000
34000
35000
36000
37000
38000
39000
40000
41000
Currently on spaced seed: 11..111111
1000
2000
3000
4000
5000
6000
7000
8000
9000
10000
11000
12000
13000
14000
15000
16000
17000
18000
19000
20000
21000
22000
23000
24000
25000
26000
27000
28000
29000
30000
31000
32000
33000
34000
35000
36000
37000
38000
39000
40000
41000
Currently on spaced seed: 11.1.11111
1000
2000
3000
4000
5000
6000
7000
8000
9000
10000
11000
12000
13000
14000
15000
16000
17000
18000
19000
20000
21000
22000
23000
24000
25000
26000
27000
28000
29000
30000
31000
32000
33000
34000
35000
36000
37000
38000
39000
40000
41000
Currently on spaced seed: 11.11.1111
1000
2000
3000
4000
5000
6000
7000
8000
9000
10000
11000
12000
13000
14000
15000
16000
17000
18000
19000
20000
21000
22000
23000
24000
25000
26000
27000
28000
29000
30000
31000
32000
33000
34000
35000
36000
37000
38000
39000
40000
41000
Currently on spaced seed: 11.111.111
1000
2000
3000
4000
5000
6000
7000
8000
9000
10000
11000
12000
13000
14000
15000
16000
17000
18000
19000
20000
21000
22000
23000
24000
25000
26000
27000
28000
29000
30000
31000
32000
33000
34000
35000
36000
37000
38000
39000
40000
41000
Currently on spaced seed: 11.1111.11
1000
2000
3000
4000
5000
6000
7000
8000
9000
10000
11000
12000
13000
14000
15000
16000
17000
18000
19000
20000
21000
22000
23000
24000
25000
26000
27000
28000
29000
30000
31000
32000
33000
34000
35000
36000
37000
38000
39000
40000
41000
Currently on spaced seed: 111..11111
1000
2000
3000
4000
5000
6000
7000
8000
9000
10000
11000
12000
13000
14000
15000
16000
17000
18000
19000
20000
21000
22000
23000
24000
25000
26000
27000
28000
29000
30000
31000
32000
33000
34000
35000
36000
37000
38000
39000
40000
41000
Currently on spaced seed: 111.1.1111
1000
2000
3000
4000
5000
6000
7000
8000
9000
10000
11000
12000
13000
14000
15000
16000
17000
18000
19000
20000
21000
22000
23000
24000
25000
26000
27000
28000
29000
30000
31000
32000
33000
34000
35000
36000
37000
38000
39000
40000
41000
Currently on spaced seed: 111.11.111
1000
2000
3000
4000
5000
6000
7000
8000
9000
10000
11000
12000
13000
14000
15000
16000
17000
18000
19000
20000
21000
22000
23000
24000
25000
26000
27000
28000
29000
30000
31000
32000
33000
34000
35000
36000
37000
38000
39000
40000
41000
Currently on spaced seed: 1111..1111
1000
2000
3000
4000
5000
6000
7000
8000
9000
10000
11000
12000
13000
14000
15000
16000
17000
18000
19000
20000
21000
22000
23000
24000
25000
26000
27000
28000
29000
30000
31000
32000
33000
34000
35000
36000
37000
38000
39000
40000
41000
Finding top 3 seeds.
Currently on element ranked:	1
A.TGACAGC	0.456824519532722
Currently on element ranked:	2
ATGACAGC	0.445768119582967
Currently on element ranked:	3
TGACAGCA	0.443818645622855
reviewing spot 1000
reviewing spot 2000
reviewing spot 3000
reviewing spot 4000
reviewing spot 5000
reviewing spot 6000
reviewing spot 7000
reviewing spot 8000
reviewing spot 9000
reviewing spot 10000
reviewing spot 11000
reviewing spot 12000
reviewing spot 13000
reviewing spot 14000
reviewing spot 15000
reviewing spot 16000
reviewing spot 17000
reviewing spot 18000
reviewing spot 19000
reviewing spot 20000
reviewing spot 21000
reviewing spot 22000
reviewing spot 23000
reviewing spot 24000
reviewing spot 25000
reviewing spot 26000
reviewing spot 27000
reviewing spot 28000
reviewing spot 29000
reviewing spot 30000
reviewing spot 31000
reviewing spot 32000
reviewing spot 33000
reviewing spot 34000
reviewing spot 35000
reviewing spot 36000
reviewing spot 37000
reviewing spot 38000
reviewing spot 39000
reviewing spot 40000
reviewing spot 41000
Currently on spaced seed: 11111111
1000
2000
3000
4000
5000
6000
7000
8000
9000
10000
11000
12000
13000
14000
15000
16000
17000
18000
19000
20000
21000
22000
23000
24000
25000
26000
27000
28000
29000
30000
31000
32000
33000
34000
35000
36000
37000
38000
39000
40000
41000
Currently on spaced seed: 1.1111111
1000
2000
3000
4000
5000
6000
7000
8000
9000
10000
11000
12000
13000
14000
15000
16000
17000
18000
19000
20000
21000
22000
23000
24000
25000
26000
27000
28000
29000
30000
31000
32000
33000
34000
35000
36000
37000
38000
39000
40000
41000
Currently on spaced seed: 11.111111
1000
2000
3000
4000
5000
6000
7000
8000
9000
10000
11000
12000
13000
14000
15000
16000
17000
18000
19000
20000
21000
22000
23000
24000
25000
26000
27000
28000
29000
30000
31000
32000
33000
34000
35000
36000
37000
38000
39000
40000
41000
Currently on spaced seed: 111.11111
1000
2000
3000
4000
5000
6000
7000
8000
9000
10000
11000
12000
13000
14000
15000
16000
17000
18000
19000
20000
21000
22000
23000
24000
25000
26000
27000
28000
29000
30000
31000
32000
33000
34000
35000
36000
37000
38000
39000
40000
41000
Currently on spaced seed: 1111.1111
1000
2000
3000
4000
5000
6000
7000
8000
9000
10000
11000
12000
13000
14000
15000
16000
17000
18000
19000
20000
21000
22000
23000
24000
25000
26000
27000
28000
29000
30000
31000
32000
33000
34000
35000
36000
37000
38000
39000
40000
41000
Currently on spaced seed: 1..1111111
1000
2000
3000
4000
5000
6000
7000
8000
9000
10000
11000
12000
13000
14000
15000
16000
17000
18000
19000
20000
21000
22000
23000
24000
25000
26000
27000
28000
29000
30000
31000
32000
33000
34000
35000
36000
37000
38000
39000
40000
41000
Currently on spaced seed: 1.1.111111
1000
2000
3000
4000
5000
6000
7000
8000
9000
10000
11000
12000
13000
14000
15000
16000
17000
18000
19000
20000
21000
22000
23000
24000
25000
26000
27000
28000
29000
30000
31000
32000
33000
34000
35000
36000
37000
38000
39000
40000
41000
Currently on spaced seed: 1.11.11111
1000
2000
3000
4000
5000
6000
7000
8000
9000
10000
11000
12000
13000
14000
15000
16000
17000
18000
19000
20000
21000
22000
23000
24000
25000
26000
27000
28000
29000
30000
31000
32000
33000
34000
35000
36000
37000
38000
39000
40000
41000
Currently on spaced seed: 1.111.1111
1000
2000
3000
4000
5000
6000
7000
8000
9000
10000
11000
12000
13000
14000
15000
16000
17000
18000
19000
20000
21000
22000
23000
24000
25000
26000
27000
28000
29000
30000
31000
32000
33000
34000
35000
36000
37000
38000
39000
40000
41000
Currently on spaced seed: 1.1111.111
1000
2000
3000
4000
5000
6000
7000
8000
9000
10000
11000
12000
13000
14000
15000
16000
17000
18000
19000
20000
21000
22000
23000
24000
25000
26000
27000
28000
29000
30000
31000
32000
33000
34000
35000
36000
37000
38000
39000
40000
41000
Currently on spaced seed: 1.11111.11
1000
2000
3000
4000
5000
6000
7000
8000
9000
10000
11000
12000
13000
14000
15000
16000
17000
18000
19000
20000
21000
22000
23000
24000
25000
26000
27000
28000
29000
30000
31000
32000
33000
34000
35000
36000
37000
38000
39000
40000
41000
Currently on spaced seed: 1.111111.1
1000
2000
3000
4000
5000
6000
7000
8000
9000
10000
11000
12000
13000
14000
15000
16000
17000
18000
19000
20000
21000
22000
23000
24000
25000
26000
27000
28000
29000
30000
31000
32000
33000
34000
35000
36000
37000
38000
39000
40000
41000
Currently on spaced seed: 11..111111
1000
2000
3000
4000
5000
6000
7000
8000
9000
10000
11000
12000
13000
14000
15000
16000
17000
18000
19000
20000
21000
22000
23000
24000
25000
26000
27000
28000
29000
30000
31000
32000
33000
34000
35000
36000
37000
38000
39000
40000
41000
Currently on spaced seed: 11.1.11111
1000
2000
3000
4000
5000
6000
7000
8000
9000
10000
11000
12000
13000
14000
15000
16000
17000
18000
19000
20000
21000
22000
23000
24000
25000
26000
27000
28000
29000
30000
31000
32000
33000
34000
35000
36000
37000
38000
39000
40000
41000
Currently on spaced seed: 11.11.1111
1000
2000
3000
4000
5000
6000
7000
8000
9000
10000
11000
12000
13000
14000
15000
16000
17000
18000
19000
20000
21000
22000
23000
24000
25000
26000
27000
28000
29000
30000
31000
32000
33000
34000
35000
36000
37000
38000
39000
40000
41000
Currently on spaced seed: 11.111.111
1000
2000
3000
4000
5000
6000
7000
8000
9000
10000
11000
12000
13000
14000
15000
16000
17000
18000
19000
20000
21000
22000
23000
24000
25000
26000
27000
28000
29000
30000
31000
32000
33000
34000
35000
36000
37000
38000
39000
40000
41000
Currently on spaced seed: 11.1111.11
1000
2000
3000
4000
5000
6000
7000
8000
9000
10000
11000
12000
13000
14000
15000
16000
17000
18000
19000
20000
21000
22000
23000
24000
25000
26000
27000
28000
29000
30000
31000
32000
33000
34000
35000
36000
37000
38000
39000
40000
41000
Currently on spaced seed: 111..11111
1000
2000
3000
4000
5000
6000
7000
8000
9000
10000
11000
12000
13000
14000
15000
16000
17000
18000
19000
20000
21000
22000
23000
24000
25000
26000
27000
28000
29000
30000
31000
32000
33000
34000
35000
36000
37000
38000
39000
40000
41000
Currently on spaced seed: 111.1.1111
1000
2000
3000
4000
5000
6000
7000
8000
9000
10000
11000
12000
13000
14000
15000
16000
17000
18000
19000
20000
21000
22000
23000
24000
25000
26000
27000
28000
29000
30000
31000
32000
33000
34000
35000
36000
37000
38000
39000
40000
41000
Currently on spaced seed: 111.11.111
1000
2000
3000
4000
5000
6000
7000
8000
9000
10000
11000
12000
13000
14000
15000
16000
17000
18000
19000
20000
21000
22000
23000
24000
25000
26000
27000
28000
29000
30000
31000
32000
33000
34000
35000
36000
37000
38000
39000
40000
41000
Currently on spaced seed: 1111..1111
1000
2000
3000
4000
5000
6000
7000
8000
9000
10000
11000
12000
13000
14000
15000
16000
17000
18000
19000
20000
21000
22000
23000
24000
25000
26000
27000
28000
29000
30000
31000
32000
33000
34000
35000
36000
37000
38000
39000
40000
41000
Finding top 3 seeds.
Currently on element ranked:	1
A.CAGCA.AA	0.427441774447573
Currently on element ranked:	2
G.A.AAAGCA	0.424804920536439
Currently on element ranked:	3
GCAA..ATGC	0.421820226030049
AAAAAAAA AAAAAAAC AAAAAAAG AAAAAAAT AAAAAACA AAAAAACC AAAAAACG AAAAAACT 
       1    16385    32769    49153     4097    20481    36865    53249 
AAAAAAGA AAAAAAGC 
    8193    24577 
It.    0, RSS =    23188.5, Par. =   0.567891    1.58303  0.0297982    1.11193    1.01772   0.181967   0.209624    0.82321    1.13932    2.46668    2.57023    3.09893    2.00611    2.84917    2.28922    3.12739    2.86535    1.94119    2.54634    3.34908    2.36835    3.70988    2.37687    2.66262    2.31876    3.19656    3.16891    2.43429    1.71846     3.0422          2
It.    1, RSS =      22670, Par. =  -0.737803  -0.293919   0.155972    1.00097   0.411353   0.474663   0.252929    1.08301   0.584349    1.05452    1.16021    2.89733   0.771226    1.64893    1.40578   0.751366  0.0673198      1.064     0.6604    2.40848   0.853195    5.68243    2.35136    1.10709     1.8631    4.08718   0.412799    1.74162  -0.825267     2.1637     1.4364
It.    2, RSS =    21209.3, Par. =  -0.138871  -0.165024  -0.283454   0.629058   0.846902 -0.0434935   0.180947     1.0577   0.375613   0.782402    0.74057    3.26441  0.0751098    2.24931   0.684292   0.847516   0.429711   0.227913   0.595445    3.90522   0.893865    5.66176    3.19076    1.43596   0.489033     1.2269   0.152942    0.55077   0.891804   0.724917    2.03615
It.    3, RSS =    19882.1, Par. = -0.0369361  -0.481114  0.0267121  0.0400965    0.71192   0.234261   0.346514    1.01845  0.0444707   0.972616   0.309106    2.83795    0.11987    2.26016     0.9799   0.588112 -0.0328591   0.540317   0.741581    3.84665    1.26622    5.78782     2.8163    1.53267   0.686491    1.60097   0.211271   0.884201   0.801486   0.964049    2.05742
It.    4, RSS =    19603.3, Par. = -0.00971679  -0.574887   0.055228 -0.0972523   0.760198   0.238299    0.34301    1.12865 -0.0168353   0.947355   0.210094    2.31843  0.0901766    2.16331    1.03674   0.592213  -0.021567   0.468949   0.694463    3.45832    1.30992    5.46952    2.51789    1.54868   0.633384    1.66314   0.204777   0.863321   0.777387   0.973884    2.04892
It.    5, RSS =    19057.6, Par. =  0.0374529  -0.750154  0.0759242   -0.33934   0.795604   0.239319   0.342922    1.26533  -0.115123   0.904466  0.0143155    1.79144  0.0179569    2.06482    1.14364   0.503558  0.0266522   0.344169   0.617319    2.15201    1.35932    3.74222    2.14513    1.59399   0.506874    1.73643   0.217183   0.863386   0.727204   0.965332    2.03922
It.    6, RSS =    18874.9, Par. =  0.0460866  -0.797063  0.0800735  -0.393659   0.784982   0.227042   0.340504    1.26363  -0.136447    0.89883  -0.050708    1.75745 -0.00115986    2.08099    1.15511   0.419156  0.0658762   0.303554   0.589321    2.16446    1.33648    3.15073    2.09195    1.59166    0.46079    1.72843   0.224203   0.881921   0.709709    0.94285    2.05382
It.    7, RSS =    18602.6, Par. =  0.0697748  -0.881084  0.0878576  -0.493219   0.755898    0.19557   0.339548    1.24933  -0.175367   0.873064  -0.188171    1.67311 -0.0337408    2.12682    1.17947   0.262864   0.137081   0.216049   0.516635    2.16101    1.27841    2.58285    1.98926    1.57869   0.371389    1.70966   0.244747   0.918473   0.644176   0.894415    2.07047
It.    8, RSS =    18320.4, Par. =   0.184102  -0.870253   0.109594  -0.577635   0.640655   0.114372   0.366412    1.19219  -0.192594   0.669805  -0.481078    1.37717 -0.0384834    2.20754    1.17294  0.0762415   0.206109  0.0221552   0.340761    2.15319    1.05036    2.37471    1.82528    1.45132   0.261459    1.60573   0.306234   0.956927   0.390812   0.790822    1.88933
It.    9, RSS =    18017.2, Par. =    0.41946  -0.512995   0.152878  -0.458092   0.373883  0.0487918   0.379289    1.08379  -0.160931   0.156372  -0.726756    0.79205  0.0819422    2.16384    1.05819  -0.141369    0.10176  -0.109901   0.223456    1.82584   0.712307     1.9731    1.63822    1.06247   0.365221    1.19623   0.267874   0.789232   0.148782   0.663616    1.28476
It.   10, RSS =    17919.3, Par. =   0.359745  -0.454642   0.128002  -0.452906   0.321673  0.0612832   0.330101    0.85865 -0.0627641   0.226076  -0.700396   0.768231  0.00711605    1.87829   0.958471  -0.247093   0.133808  -0.155164   0.112729     1.5175    0.62135    1.50519    1.28153   0.902133   0.241977    1.05731   0.246921   0.618187  0.0105482   0.510496   0.991271
It.   11, RSS =    17845.6, Par. =   0.400684  -0.431041   0.129717  -0.369817   0.262806  0.0691761   0.337757   0.926096  -0.115215   0.167566  -0.653804   0.647782  0.0167433    1.90705   0.926162  -0.206852  0.0570119  -0.121746   0.167663    1.49251   0.600751     1.5507    1.32223   0.808985   0.294376   0.947307   0.255439   0.612004  0.0479156   0.532601   0.872445
It.   12, RSS =    17831.6, Par. =   0.375439  -0.390671   0.112225  -0.426842   0.274202  0.0660321   0.280231   0.844529  -0.048526   0.175958  -0.685951   0.658386  0.0381473    1.72058   0.885435  -0.191825  0.0717901  -0.159818   0.102142     1.4143   0.549234    1.43145    1.21978   0.771271   0.269273   0.958067   0.212919   0.571708 -0.0179773   0.496324   0.757002
It.   13, RSS =    17801.6, Par. =   0.389857  -0.410606   0.118457  -0.389128   0.239062  0.0687767   0.300011    0.86318 -0.0846202   0.172809  -0.667701   0.593525  0.0266561    1.76461   0.879186   -0.21036  0.0389173  -0.124289    0.12654    1.39541   0.546694    1.40121     1.2335   0.751999   0.279564   0.903425   0.237617   0.575825  0.00756101   0.496454   0.715974
It.   14, RSS =    17790.5, Par. =   0.378181  -0.398732   0.109089  -0.383782   0.242516  0.0622946   0.288058   0.867979 -0.0752941   0.160024  -0.660067   0.605747  0.0170617    1.76734    0.86736  -0.195534   0.045307  -0.135326   0.115898    1.39902   0.535406    1.41215    1.23498   0.739044   0.269225   0.908324   0.227349   0.564652  0.00958594   0.488018   0.716303
It.   15, RSS =  0.0248433, Par. =   0.378181  -0.398732   0.109089  -0.383782   0.242516  0.0622946   0.288058   0.867979 -0.0752941   0.160024  -0.660067   0.605747  0.0170617    1.76734    0.86736  -0.195534   0.045307  -0.135326   0.115898    1.39902   0.535406    1.41215    1.23498   0.739044   0.269225   0.908324   0.227349   0.564652  0.00958594   0.488018   0.716303
There are no consecutive positions that meet the IC threshold given, so no trimmed logo could be made.
The IC threshold given would trim all PWM positions.
