Currently on spaced seed: 11111111
1000
2000
3000
4000
5000
6000
7000
8000
9000
10000
11000
12000
13000
14000
15000
16000
17000
18000
19000
20000
21000
22000
23000
24000
25000
26000
27000
28000
29000
30000
31000
32000
33000
34000
35000
36000
37000
38000
39000
40000
41000
Currently on spaced seed: 1.1111111
1000
2000
3000
4000
5000
6000
7000
8000
9000
10000
11000
12000
13000
14000
15000
16000
17000
18000
19000
20000
21000
22000
23000
24000
25000
26000
27000
28000
29000
30000
31000
32000
33000
34000
35000
36000
37000
38000
39000
40000
41000
Currently on spaced seed: 11.111111
1000
2000
3000
4000
5000
6000
7000
8000
9000
10000
11000
12000
13000
14000
15000
16000
17000
18000
19000
20000
21000
22000
23000
24000
25000
26000
27000
28000
29000
30000
31000
32000
33000
34000
35000
36000
37000
38000
39000
40000
41000
Currently on spaced seed: 111.11111
1000
2000
3000
4000
5000
6000
7000
8000
9000
10000
11000
12000
13000
14000
15000
16000
17000
18000
19000
20000
21000
22000
23000
24000
25000
26000
27000
28000
29000
30000
31000
32000
33000
34000
35000
36000
37000
38000
39000
40000
41000
Currently on spaced seed: 1111.1111
1000
2000
3000
4000
5000
6000
7000
8000
9000
10000
11000
12000
13000
14000
15000
16000
17000
18000
19000
20000
21000
22000
23000
24000
25000
26000
27000
28000
29000
30000
31000
32000
33000
34000
35000
36000
37000
38000
39000
40000
41000
Currently on spaced seed: 1..1111111
1000
2000
3000
4000
5000
6000
7000
8000
9000
10000
11000
12000
13000
14000
15000
16000
17000
18000
19000
20000
21000
22000
23000
24000
25000
26000
27000
28000
29000
30000
31000
32000
33000
34000
35000
36000
37000
38000
39000
40000
41000
Currently on spaced seed: 1.1.111111
1000
2000
3000
4000
5000
6000
7000
8000
9000
10000
11000
12000
13000
14000
15000
16000
17000
18000
19000
20000
21000
22000
23000
24000
25000
26000
27000
28000
29000
30000
31000
32000
33000
34000
35000
36000
37000
38000
39000
40000
41000
Currently on spaced seed: 1.11.11111
1000
2000
3000
4000
5000
6000
7000
8000
9000
10000
11000
12000
13000
14000
15000
16000
17000
18000
19000
20000
21000
22000
23000
24000
25000
26000
27000
28000
29000
30000
31000
32000
33000
34000
35000
36000
37000
38000
39000
40000
41000
Currently on spaced seed: 1.111.1111
1000
2000
3000
4000
5000
6000
7000
8000
9000
10000
11000
12000
13000
14000
15000
16000
17000
18000
19000
20000
21000
22000
23000
24000
25000
26000
27000
28000
29000
30000
31000
32000
33000
34000
35000
36000
37000
38000
39000
40000
41000
Currently on spaced seed: 1.1111.111
1000
2000
3000
4000
5000
6000
7000
8000
9000
10000
11000
12000
13000
14000
15000
16000
17000
18000
19000
20000
21000
22000
23000
24000
25000
26000
27000
28000
29000
30000
31000
32000
33000
34000
35000
36000
37000
38000
39000
40000
41000
Currently on spaced seed: 1.11111.11
1000
2000
3000
4000
5000
6000
7000
8000
9000
10000
11000
12000
13000
14000
15000
16000
17000
18000
19000
20000
21000
22000
23000
24000
25000
26000
27000
28000
29000
30000
31000
32000
33000
34000
35000
36000
37000
38000
39000
40000
41000
Currently on spaced seed: 1.111111.1
1000
2000
3000
4000
5000
6000
7000
8000
9000
10000
11000
12000
13000
14000
15000
16000
17000
18000
19000
20000
21000
22000
23000
24000
25000
26000
27000
28000
29000
30000
31000
32000
33000
34000
35000
36000
37000
38000
39000
40000
41000
Currently on spaced seed: 11..111111
1000
2000
3000
4000
5000
6000
7000
8000
9000
10000
11000
12000
13000
14000
15000
16000
17000
18000
19000
20000
21000
22000
23000
24000
25000
26000
27000
28000
29000
30000
31000
32000
33000
34000
35000
36000
37000
38000
39000
40000
41000
Currently on spaced seed: 11.1.11111
1000
2000
3000
4000
5000
6000
7000
8000
9000
10000
11000
12000
13000
14000
15000
16000
17000
18000
19000
20000
21000
22000
23000
24000
25000
26000
27000
28000
29000
30000
31000
32000
33000
34000
35000
36000
37000
38000
39000
40000
41000
Currently on spaced seed: 11.11.1111
1000
2000
3000
4000
5000
6000
7000
8000
9000
10000
11000
12000
13000
14000
15000
16000
17000
18000
19000
20000
21000
22000
23000
24000
25000
26000
27000
28000
29000
30000
31000
32000
33000
34000
35000
36000
37000
38000
39000
40000
41000
Currently on spaced seed: 11.111.111
1000
2000
3000
4000
5000
6000
7000
8000
9000
10000
11000
12000
13000
14000
15000
16000
17000
18000
19000
20000
21000
22000
23000
24000
25000
26000
27000
28000
29000
30000
31000
32000
33000
34000
35000
36000
37000
38000
39000
40000
41000
Currently on spaced seed: 11.1111.11
1000
2000
3000
4000
5000
6000
7000
8000
9000
10000
11000
12000
13000
14000
15000
16000
17000
18000
19000
20000
21000
22000
23000
24000
25000
26000
27000
28000
29000
30000
31000
32000
33000
34000
35000
36000
37000
38000
39000
40000
41000
Currently on spaced seed: 111..11111
1000
2000
3000
4000
5000
6000
7000
8000
9000
10000
11000
12000
13000
14000
15000
16000
17000
18000
19000
20000
21000
22000
23000
24000
25000
26000
27000
28000
29000
30000
31000
32000
33000
34000
35000
36000
37000
38000
39000
40000
41000
Currently on spaced seed: 111.1.1111
1000
2000
3000
4000
5000
6000
7000
8000
9000
10000
11000
12000
13000
14000
15000
16000
17000
18000
19000
20000
21000
22000
23000
24000
25000
26000
27000
28000
29000
30000
31000
32000
33000
34000
35000
36000
37000
38000
39000
40000
41000
Currently on spaced seed: 111.11.111
1000
2000
3000
4000
5000
6000
7000
8000
9000
10000
11000
12000
13000
14000
15000
16000
17000
18000
19000
20000
21000
22000
23000
24000
25000
26000
27000
28000
29000
30000
31000
32000
33000
34000
35000
36000
37000
38000
39000
40000
41000
Currently on spaced seed: 1111..1111
1000
2000
3000
4000
5000
6000
7000
8000
9000
10000
11000
12000
13000
14000
15000
16000
17000
18000
19000
20000
21000
22000
23000
24000
25000
26000
27000
28000
29000
30000
31000
32000
33000
34000
35000
36000
37000
38000
39000
40000
41000
Finding top 3 seeds.
Currently on element ranked:	1
CTTGCT..TA	0.463923370732872
Currently on element ranked:	2
AAA.AGCAA	0.457472026243653
Currently on element ranked:	3
A.TGCT.TAT	0.455815827166388
reviewing spot 1000
reviewing spot 2000
reviewing spot 3000
reviewing spot 4000
reviewing spot 5000
reviewing spot 6000
reviewing spot 7000
reviewing spot 8000
reviewing spot 9000
reviewing spot 10000
reviewing spot 11000
reviewing spot 12000
reviewing spot 13000
reviewing spot 14000
reviewing spot 15000
reviewing spot 16000
reviewing spot 17000
reviewing spot 18000
reviewing spot 19000
reviewing spot 20000
reviewing spot 21000
reviewing spot 22000
reviewing spot 23000
reviewing spot 24000
reviewing spot 25000
reviewing spot 26000
reviewing spot 27000
reviewing spot 28000
reviewing spot 29000
reviewing spot 30000
reviewing spot 31000
reviewing spot 32000
reviewing spot 33000
reviewing spot 34000
reviewing spot 35000
reviewing spot 36000
reviewing spot 37000
reviewing spot 38000
reviewing spot 39000
reviewing spot 40000
reviewing spot 41000
Currently on spaced seed: 11111111
1000
2000
3000
4000
5000
6000
7000
8000
9000
10000
11000
12000
13000
14000
15000
16000
17000
18000
19000
20000
21000
22000
23000
24000
25000
26000
27000
28000
29000
30000
31000
32000
33000
34000
35000
36000
37000
38000
39000
40000
41000
Currently on spaced seed: 1.1111111
1000
2000
3000
4000
5000
6000
7000
8000
9000
10000
11000
12000
13000
14000
15000
16000
17000
18000
19000
20000
21000
22000
23000
24000
25000
26000
27000
28000
29000
30000
31000
32000
33000
34000
35000
36000
37000
38000
39000
40000
41000
Currently on spaced seed: 11.111111
1000
2000
3000
4000
5000
6000
7000
8000
9000
10000
11000
12000
13000
14000
15000
16000
17000
18000
19000
20000
21000
22000
23000
24000
25000
26000
27000
28000
29000
30000
31000
32000
33000
34000
35000
36000
37000
38000
39000
40000
41000
Currently on spaced seed: 111.11111
1000
2000
3000
4000
5000
6000
7000
8000
9000
10000
11000
12000
13000
14000
15000
16000
17000
18000
19000
20000
21000
22000
23000
24000
25000
26000
27000
28000
29000
30000
31000
32000
33000
34000
35000
36000
37000
38000
39000
40000
41000
Currently on spaced seed: 1111.1111
1000
2000
3000
4000
5000
6000
7000
8000
9000
10000
11000
12000
13000
14000
15000
16000
17000
18000
19000
20000
21000
22000
23000
24000
25000
26000
27000
28000
29000
30000
31000
32000
33000
34000
35000
36000
37000
38000
39000
40000
41000
Currently on spaced seed: 1..1111111
1000
2000
3000
4000
5000
6000
7000
8000
9000
10000
11000
12000
13000
14000
15000
16000
17000
18000
19000
20000
21000
22000
23000
24000
25000
26000
27000
28000
29000
30000
31000
32000
33000
34000
35000
36000
37000
38000
39000
40000
41000
Currently on spaced seed: 1.1.111111
1000
2000
3000
4000
5000
6000
7000
8000
9000
10000
11000
12000
13000
14000
15000
16000
17000
18000
19000
20000
21000
22000
23000
24000
25000
26000
27000
28000
29000
30000
31000
32000
33000
34000
35000
36000
37000
38000
39000
40000
41000
Currently on spaced seed: 1.11.11111
1000
2000
3000
4000
5000
6000
7000
8000
9000
10000
11000
12000
13000
14000
15000
16000
17000
18000
19000
20000
21000
22000
23000
24000
25000
26000
27000
28000
29000
30000
31000
32000
33000
34000
35000
36000
37000
38000
39000
40000
41000
Currently on spaced seed: 1.111.1111
1000
2000
3000
4000
5000
6000
7000
8000
9000
10000
11000
12000
13000
14000
15000
16000
17000
18000
19000
20000
21000
22000
23000
24000
25000
26000
27000
28000
29000
30000
31000
32000
33000
34000
35000
36000
37000
38000
39000
40000
41000
Currently on spaced seed: 1.1111.111
1000
2000
3000
4000
5000
6000
7000
8000
9000
10000
11000
12000
13000
14000
15000
16000
17000
18000
19000
20000
21000
22000
23000
24000
25000
26000
27000
28000
29000
30000
31000
32000
33000
34000
35000
36000
37000
38000
39000
40000
41000
Currently on spaced seed: 1.11111.11
1000
2000
3000
4000
5000
6000
7000
8000
9000
10000
11000
12000
13000
14000
15000
16000
17000
18000
19000
20000
21000
22000
23000
24000
25000
26000
27000
28000
29000
30000
31000
32000
33000
34000
35000
36000
37000
38000
39000
40000
41000
Currently on spaced seed: 1.111111.1
1000
2000
3000
4000
5000
6000
7000
8000
9000
10000
11000
12000
13000
14000
15000
16000
17000
18000
19000
20000
21000
22000
23000
24000
25000
26000
27000
28000
29000
30000
31000
32000
33000
34000
35000
36000
37000
38000
39000
40000
41000
Currently on spaced seed: 11..111111
1000
2000
3000
4000
5000
6000
7000
8000
9000
10000
11000
12000
13000
14000
15000
16000
17000
18000
19000
20000
21000
22000
23000
24000
25000
26000
27000
28000
29000
30000
31000
32000
33000
34000
35000
36000
37000
38000
39000
40000
41000
Currently on spaced seed: 11.1.11111
1000
2000
3000
4000
5000
6000
7000
8000
9000
10000
11000
12000
13000
14000
15000
16000
17000
18000
19000
20000
21000
22000
23000
24000
25000
26000
27000
28000
29000
30000
31000
32000
33000
34000
35000
36000
37000
38000
39000
40000
41000
Currently on spaced seed: 11.11.1111
1000
2000
3000
4000
5000
6000
7000
8000
9000
10000
11000
12000
13000
14000
15000
16000
17000
18000
19000
20000
21000
22000
23000
24000
25000
26000
27000
28000
29000
30000
31000
32000
33000
34000
35000
36000
37000
38000
39000
40000
41000
Currently on spaced seed: 11.111.111
1000
2000
3000
4000
5000
6000
7000
8000
9000
10000
11000
12000
13000
14000
15000
16000
17000
18000
19000
20000
21000
22000
23000
24000
25000
26000
27000
28000
29000
30000
31000
32000
33000
34000
35000
36000
37000
38000
39000
40000
41000
Currently on spaced seed: 11.1111.11
1000
2000
3000
4000
5000
6000
7000
8000
9000
10000
11000
12000
13000
14000
15000
16000
17000
18000
19000
20000
21000
22000
23000
24000
25000
26000
27000
28000
29000
30000
31000
32000
33000
34000
35000
36000
37000
38000
39000
40000
41000
Currently on spaced seed: 111..11111
1000
2000
3000
4000
5000
6000
7000
8000
9000
10000
11000
12000
13000
14000
15000
16000
17000
18000
19000
20000
21000
22000
23000
24000
25000
26000
27000
28000
29000
30000
31000
32000
33000
34000
35000
36000
37000
38000
39000
40000
41000
Currently on spaced seed: 111.1.1111
1000
2000
3000
4000
5000
6000
7000
8000
9000
10000
11000
12000
13000
14000
15000
16000
17000
18000
19000
20000
21000
22000
23000
24000
25000
26000
27000
28000
29000
30000
31000
32000
33000
34000
35000
36000
37000
38000
39000
40000
41000
Currently on spaced seed: 111.11.111
1000
2000
3000
4000
5000
6000
7000
8000
9000
10000
11000
12000
13000
14000
15000
16000
17000
18000
19000
20000
21000
22000
23000
24000
25000
26000
27000
28000
29000
30000
31000
32000
33000
34000
35000
36000
37000
38000
39000
40000
41000
Currently on spaced seed: 1111..1111
1000
2000
3000
4000
5000
6000
7000
8000
9000
10000
11000
12000
13000
14000
15000
16000
17000
18000
19000
20000
21000
22000
23000
24000
25000
26000
27000
28000
29000
30000
31000
32000
33000
34000
35000
36000
37000
38000
39000
40000
41000
Finding top 3 seeds.
Currently on element ranked:	1
CTGCT.T.GA	0.439569945625309
Currently on element ranked:	2
A..AGCAGCA	0.430004137623731
Currently on element ranked:	3
AGCA.AGCA	0.427172740754056
AAAAAAAA AAAAAAAC AAAAAAAG AAAAAAAT AAAAAACA AAAAAACC AAAAAACG AAAAAACT 
       1    16385    32769    49153     4097    20481    36865    53249 
AAAAAAGA AAAAAAGC 
    8193    24577 
It.    0, RSS =    22318.2, Par. =    1.11097    1.33646   0.504797    1.27417    1.71276    1.62409   0.337888   0.342098   0.856396   0.599632  0.0419742  0.0899447   0.594288    1.66628   0.170789   0.877755   0.986721    2.25231     1.7085    1.58477    1.93208    3.32483    2.97953    2.09364    1.59657    3.59885    1.93602    1.25809    1.63748    1.91899          2
It.    1, RSS =    18894.3, Par. =   0.135984   0.291866  -0.243497    0.42551   0.489713   0.676936   0.365107   0.615216   0.581222   0.296606   0.380379 -0.0896322  -0.166262  0.0225261  -0.353331   0.402471   0.757331   0.517232    1.28529    1.45116    1.66842    3.49773    4.45293    1.97122    1.46404     5.2348    1.84858   0.869443   0.967463    1.02026    1.94275
It.    2, RSS =    17834.9, Par. =  0.0907798   0.178764  -0.398975   0.565514   0.672691   0.688244   0.378765   0.703223   0.751528   0.478621   0.472794  -0.350502  -0.287639   0.222037  -0.633378   0.271066   0.706899    1.11993   0.844924    1.40955     1.5796    3.16925    5.06461    2.07609    1.30513    4.97121    1.82008   0.101809   0.636157   0.837721    1.61559
It.    3, RSS =    17540.8, Par. = -0.0385603 -0.0595112    -0.4065   0.631741   0.711318   0.562919   0.455019   0.687131   0.681238   0.449093    0.33079   -0.36301   -0.32824 -0.0422861  -0.738258   0.526461   0.800978     1.0393   0.356724   0.997868   0.773885    3.33242    4.08911    2.42843    1.43179      2.828    2.03423   -0.52746    0.17732   0.330832    1.21146
It.    4, RSS =      17248, Par. = -0.0106366 -0.0249738  -0.451561   0.587622   0.738046   0.619683   0.429785   0.722744   0.716539   0.483984   0.347176  -0.391006  -0.374098  0.0164874  -0.776671   0.519281   0.805623    1.11294   0.314672   0.950087   0.997006    2.81808    3.52626    2.18242    1.31986    3.26375    1.95696  -0.632588    0.27054   0.337812    1.13155
It.    5, RSS =    17222.1, Par. = -0.0814134 -0.0573551  -0.379159   0.625236   0.655779   0.562408   0.486684   0.678725    0.63174   0.441856   0.218783  -0.333778  -0.314906 -0.0691319  -0.733983   0.586634   0.739168    1.06798   0.341658   0.857926   0.840595    2.75108    3.09472    2.08762    1.38421    3.38499    2.14274  -0.582897   0.167118   0.199535   0.884251
It.    6, RSS =      17093, Par. = -0.0649538 -0.0348901  -0.421876   0.584326   0.673735   0.585166   0.454929   0.701052   0.650758   0.458663   0.239406  -0.371808  -0.352708 -0.0412922  -0.766949   0.551642   0.762244     1.0816    0.29016   0.882921    0.85818    2.58601    3.06587    1.97008    1.32402    3.35725    2.06007  -0.640434   0.210883   0.208779   0.893463
It.    7, RSS =    17053.2, Par. = -0.0858914 -0.0519716  -0.387734   0.584859   0.642119   0.550591   0.468309   0.673579   0.621372   0.429906   0.202829  -0.350379   -0.33146 -0.0726844  -0.742095   0.576069   0.739729    1.03163    0.27164   0.862271   0.740133    2.55234    3.10201    1.91741    1.37124    3.30662    2.10917  -0.644465   0.226913   0.142651   0.748632
It.    8, RSS =    17010.5, Par. = -0.0777506  -0.043214  -0.402845   0.539312   0.637194   0.546233   0.439086   0.674948   0.617596   0.425764    0.19742  -0.365438  -0.350884 -0.0578709  -0.754515   0.556167   0.739186    1.02443   0.201785   0.865934   0.666607    2.38877    3.00914    1.75825    1.36599    3.25202    2.08185  -0.695735   0.270992   0.114912   0.646611
It.    9, RSS =    16963.5, Par. = -0.0924891  -0.058329  -0.367662   0.541811   0.607048   0.514696   0.450866   0.650023   0.592188   0.402637   0.170999  -0.339923  -0.327706 -0.0780252  -0.731681   0.580226   0.713731   0.981045   0.185663   0.842922   0.555357    2.36163    3.02038    1.70448    1.43345     3.2341    2.17123   -0.68841     0.2861  0.0607258   0.516224
It.   10, RSS =    16912.1, Par. = -0.0818998 -0.0457031  -0.382892    0.49944   0.607168   0.515173    0.42275   0.655645     0.5928   0.405095   0.175868  -0.354722  -0.348231  -0.060292   -0.74374   0.557249   0.714942    0.97186   0.117894   0.850299    0.49589    2.20854    2.94508    1.56485    1.44309    3.18131    2.16417  -0.741485   0.341476  0.0437731   0.434753
It.   11, RSS =      16852, Par. = -0.0938786 -0.0556708  -0.348468   0.498595   0.578738   0.487068   0.431632   0.632184   0.571626   0.384694   0.158071  -0.328854  -0.326224  -0.076048  -0.720869   0.574193   0.688084   0.926788  0.0942576   0.827773   0.388486    2.17132     2.9279    1.50783    1.53043    3.14772    2.27123  -0.738303   0.366441 -0.00665831   0.297804
It.   12, RSS =    16795.3, Par. = -0.0812062 -0.0420688  -0.361523   0.459387   0.581403   0.488924   0.404691    0.63924   0.574502   0.390058   0.168643  -0.341902  -0.346379 -0.0586699  -0.729942     0.5461   0.687861   0.914515  0.0277267   0.833919   0.340246    2.03599    2.84896    1.39321    1.54913    3.07784    2.27834  -0.787547   0.421066 -0.0189496   0.223624
It.   13, RSS =    16736.4, Par. = -0.0889224 -0.0467847  -0.331012    0.45595    0.55823   0.466928   0.409926   0.619677   0.559196   0.374143   0.160268  -0.318804  -0.328865 -0.0695855  -0.707878   0.551656   0.661898   0.873996  0.00173108   0.810197   0.260329    2.00251    2.80502    1.35079    1.63485    3.03185    2.37725  -0.786243   0.444391  -0.058985  0.0965827
It.   14, RSS =    16681.9, Par. = -0.0752706  -0.033061  -0.338642    0.41989   0.558982   0.467167   0.384076   0.625038   0.561326   0.379394   0.172991  -0.327447   -0.34581 -0.0551643  -0.710376   0.517715    0.65665   0.856629  -0.062449   0.807484   0.219719    1.88818    2.72087    1.26039    1.66027    2.94633     2.3954   -0.82781   0.488418 -0.0700105    0.01352
It.   15, RSS = 7.5821e-310, Par. = -0.0752706  -0.033061  -0.338642    0.41989   0.558982   0.467167   0.384076   0.625038   0.561326   0.379394   0.172991  -0.327447   -0.34581 -0.0551643  -0.710376   0.517715    0.65665   0.856629  -0.062449   0.807484   0.219719    1.88818    2.72087    1.26039    1.66027    2.94633     2.3954   -0.82781   0.488418 -0.0700105    0.01352
