Currently on spaced seed: 11111111
1000
2000
3000
4000
5000
6000
7000
8000
9000
10000
11000
12000
13000
14000
15000
16000
17000
18000
19000
20000
21000
22000
23000
24000
25000
26000
27000
28000
29000
30000
31000
32000
33000
34000
35000
36000
37000
38000
39000
40000
41000
Currently on spaced seed: 1.1111111
1000
2000
3000
4000
5000
6000
7000
8000
9000
10000
11000
12000
13000
14000
15000
16000
17000
18000
19000
20000
21000
22000
23000
24000
25000
26000
27000
28000
29000
30000
31000
32000
33000
34000
35000
36000
37000
38000
39000
40000
41000
Currently on spaced seed: 11.111111
1000
2000
3000
4000
5000
6000
7000
8000
9000
10000
11000
12000
13000
14000
15000
16000
17000
18000
19000
20000
21000
22000
23000
24000
25000
26000
27000
28000
29000
30000
31000
32000
33000
34000
35000
36000
37000
38000
39000
40000
41000
Currently on spaced seed: 111.11111
1000
2000
3000
4000
5000
6000
7000
8000
9000
10000
11000
12000
13000
14000
15000
16000
17000
18000
19000
20000
21000
22000
23000
24000
25000
26000
27000
28000
29000
30000
31000
32000
33000
34000
35000
36000
37000
38000
39000
40000
41000
Currently on spaced seed: 1111.1111
1000
2000
3000
4000
5000
6000
7000
8000
9000
10000
11000
12000
13000
14000
15000
16000
17000
18000
19000
20000
21000
22000
23000
24000
25000
26000
27000
28000
29000
30000
31000
32000
33000
34000
35000
36000
37000
38000
39000
40000
41000
Currently on spaced seed: 1..1111111
1000
2000
3000
4000
5000
6000
7000
8000
9000
10000
11000
12000
13000
14000
15000
16000
17000
18000
19000
20000
21000
22000
23000
24000
25000
26000
27000
28000
29000
30000
31000
32000
33000
34000
35000
36000
37000
38000
39000
40000
41000
Currently on spaced seed: 1.1.111111
1000
2000
3000
4000
5000
6000
7000
8000
9000
10000
11000
12000
13000
14000
15000
16000
17000
18000
19000
20000
21000
22000
23000
24000
25000
26000
27000
28000
29000
30000
31000
32000
33000
34000
35000
36000
37000
38000
39000
40000
41000
Currently on spaced seed: 1.11.11111
1000
2000
3000
4000
5000
6000
7000
8000
9000
10000
11000
12000
13000
14000
15000
16000
17000
18000
19000
20000
21000
22000
23000
24000
25000
26000
27000
28000
29000
30000
31000
32000
33000
34000
35000
36000
37000
38000
39000
40000
41000
Currently on spaced seed: 1.111.1111
1000
2000
3000
4000
5000
6000
7000
8000
9000
10000
11000
12000
13000
14000
15000
16000
17000
18000
19000
20000
21000
22000
23000
24000
25000
26000
27000
28000
29000
30000
31000
32000
33000
34000
35000
36000
37000
38000
39000
40000
41000
Currently on spaced seed: 1.1111.111
1000
2000
3000
4000
5000
6000
7000
8000
9000
10000
11000
12000
13000
14000
15000
16000
17000
18000
19000
20000
21000
22000
23000
24000
25000
26000
27000
28000
29000
30000
31000
32000
33000
34000
35000
36000
37000
38000
39000
40000
41000
Currently on spaced seed: 1.11111.11
1000
2000
3000
4000
5000
6000
7000
8000
9000
10000
11000
12000
13000
14000
15000
16000
17000
18000
19000
20000
21000
22000
23000
24000
25000
26000
27000
28000
29000
30000
31000
32000
33000
34000
35000
36000
37000
38000
39000
40000
41000
Currently on spaced seed: 1.111111.1
1000
2000
3000
4000
5000
6000
7000
8000
9000
10000
11000
12000
13000
14000
15000
16000
17000
18000
19000
20000
21000
22000
23000
24000
25000
26000
27000
28000
29000
30000
31000
32000
33000
34000
35000
36000
37000
38000
39000
40000
41000
Currently on spaced seed: 11..111111
1000
2000
3000
4000
5000
6000
7000
8000
9000
10000
11000
12000
13000
14000
15000
16000
17000
18000
19000
20000
21000
22000
23000
24000
25000
26000
27000
28000
29000
30000
31000
32000
33000
34000
35000
36000
37000
38000
39000
40000
41000
Currently on spaced seed: 11.1.11111
1000
2000
3000
4000
5000
6000
7000
8000
9000
10000
11000
12000
13000
14000
15000
16000
17000
18000
19000
20000
21000
22000
23000
24000
25000
26000
27000
28000
29000
30000
31000
32000
33000
34000
35000
36000
37000
38000
39000
40000
41000
Currently on spaced seed: 11.11.1111
1000
2000
3000
4000
5000
6000
7000
8000
9000
10000
11000
12000
13000
14000
15000
16000
17000
18000
19000
20000
21000
22000
23000
24000
25000
26000
27000
28000
29000
30000
31000
32000
33000
34000
35000
36000
37000
38000
39000
40000
41000
Currently on spaced seed: 11.111.111
1000
2000
3000
4000
5000
6000
7000
8000
9000
10000
11000
12000
13000
14000
15000
16000
17000
18000
19000
20000
21000
22000
23000
24000
25000
26000
27000
28000
29000
30000
31000
32000
33000
34000
35000
36000
37000
38000
39000
40000
41000
Currently on spaced seed: 11.1111.11
1000
2000
3000
4000
5000
6000
7000
8000
9000
10000
11000
12000
13000
14000
15000
16000
17000
18000
19000
20000
21000
22000
23000
24000
25000
26000
27000
28000
29000
30000
31000
32000
33000
34000
35000
36000
37000
38000
39000
40000
41000
Currently on spaced seed: 111..11111
1000
2000
3000
4000
5000
6000
7000
8000
9000
10000
11000
12000
13000
14000
15000
16000
17000
18000
19000
20000
21000
22000
23000
24000
25000
26000
27000
28000
29000
30000
31000
32000
33000
34000
35000
36000
37000
38000
39000
40000
41000
Currently on spaced seed: 111.1.1111
1000
2000
3000
4000
5000
6000
7000
8000
9000
10000
11000
12000
13000
14000
15000
16000
17000
18000
19000
20000
21000
22000
23000
24000
25000
26000
27000
28000
29000
30000
31000
32000
33000
34000
35000
36000
37000
38000
39000
40000
41000
Currently on spaced seed: 111.11.111
1000
2000
3000
4000
5000
6000
7000
8000
9000
10000
11000
12000
13000
14000
15000
16000
17000
18000
19000
20000
21000
22000
23000
24000
25000
26000
27000
28000
29000
30000
31000
32000
33000
34000
35000
36000
37000
38000
39000
40000
41000
Currently on spaced seed: 1111..1111
1000
2000
3000
4000
5000
6000
7000
8000
9000
10000
11000
12000
13000
14000
15000
16000
17000
18000
19000
20000
21000
22000
23000
24000
25000
26000
27000
28000
29000
30000
31000
32000
33000
34000
35000
36000
37000
38000
39000
40000
41000
Finding top 3 seeds.
Currently on element ranked:	1
T.TTA.TAAA	0.441568629790483
Currently on element ranked:	2
CGAGCTCG	0.437210772386814
Currently on element ranked:	3
GTAT.ATAC	0.435983884648007
reviewing spot 1000
reviewing spot 2000
reviewing spot 3000
reviewing spot 4000
reviewing spot 5000
reviewing spot 6000
reviewing spot 7000
reviewing spot 8000
reviewing spot 9000
reviewing spot 10000
reviewing spot 11000
reviewing spot 12000
reviewing spot 13000
reviewing spot 14000
reviewing spot 15000
reviewing spot 16000
reviewing spot 17000
reviewing spot 18000
reviewing spot 19000
reviewing spot 20000
reviewing spot 21000
reviewing spot 22000
reviewing spot 23000
reviewing spot 24000
reviewing spot 25000
reviewing spot 26000
reviewing spot 27000
reviewing spot 28000
reviewing spot 29000
reviewing spot 30000
reviewing spot 31000
reviewing spot 32000
reviewing spot 33000
reviewing spot 34000
reviewing spot 35000
reviewing spot 36000
reviewing spot 37000
reviewing spot 38000
reviewing spot 39000
reviewing spot 40000
reviewing spot 41000
Currently on spaced seed: 11111111
1000
2000
3000
4000
5000
6000
7000
8000
9000
10000
11000
12000
13000
14000
15000
16000
17000
18000
19000
20000
21000
22000
23000
24000
25000
26000
27000
28000
29000
30000
31000
32000
33000
34000
35000
36000
37000
38000
39000
40000
41000
Currently on spaced seed: 1.1111111
1000
2000
3000
4000
5000
6000
7000
8000
9000
10000
11000
12000
13000
14000
15000
16000
17000
18000
19000
20000
21000
22000
23000
24000
25000
26000
27000
28000
29000
30000
31000
32000
33000
34000
35000
36000
37000
38000
39000
40000
41000
Currently on spaced seed: 11.111111
1000
2000
3000
4000
5000
6000
7000
8000
9000
10000
11000
12000
13000
14000
15000
16000
17000
18000
19000
20000
21000
22000
23000
24000
25000
26000
27000
28000
29000
30000
31000
32000
33000
34000
35000
36000
37000
38000
39000
40000
41000
Currently on spaced seed: 111.11111
1000
2000
3000
4000
5000
6000
7000
8000
9000
10000
11000
12000
13000
14000
15000
16000
17000
18000
19000
20000
21000
22000
23000
24000
25000
26000
27000
28000
29000
30000
31000
32000
33000
34000
35000
36000
37000
38000
39000
40000
41000
Currently on spaced seed: 1111.1111
1000
2000
3000
4000
5000
6000
7000
8000
9000
10000
11000
12000
13000
14000
15000
16000
17000
18000
19000
20000
21000
22000
23000
24000
25000
26000
27000
28000
29000
30000
31000
32000
33000
34000
35000
36000
37000
38000
39000
40000
41000
Currently on spaced seed: 1..1111111
1000
2000
3000
4000
5000
6000
7000
8000
9000
10000
11000
12000
13000
14000
15000
16000
17000
18000
19000
20000
21000
22000
23000
24000
25000
26000
27000
28000
29000
30000
31000
32000
33000
34000
35000
36000
37000
38000
39000
40000
41000
Currently on spaced seed: 1.1.111111
1000
2000
3000
4000
5000
6000
7000
8000
9000
10000
11000
12000
13000
14000
15000
16000
17000
18000
19000
20000
21000
22000
23000
24000
25000
26000
27000
28000
29000
30000
31000
32000
33000
34000
35000
36000
37000
38000
39000
40000
41000
Currently on spaced seed: 1.11.11111
1000
2000
3000
4000
5000
6000
7000
8000
9000
10000
11000
12000
13000
14000
15000
16000
17000
18000
19000
20000
21000
22000
23000
24000
25000
26000
27000
28000
29000
30000
31000
32000
33000
34000
35000
36000
37000
38000
39000
40000
41000
Currently on spaced seed: 1.111.1111
1000
2000
3000
4000
5000
6000
7000
8000
9000
10000
11000
12000
13000
14000
15000
16000
17000
18000
19000
20000
21000
22000
23000
24000
25000
26000
27000
28000
29000
30000
31000
32000
33000
34000
35000
36000
37000
38000
39000
40000
41000
Currently on spaced seed: 1.1111.111
1000
2000
3000
4000
5000
6000
7000
8000
9000
10000
11000
12000
13000
14000
15000
16000
17000
18000
19000
20000
21000
22000
23000
24000
25000
26000
27000
28000
29000
30000
31000
32000
33000
34000
35000
36000
37000
38000
39000
40000
41000
Currently on spaced seed: 1.11111.11
1000
2000
3000
4000
5000
6000
7000
8000
9000
10000
11000
12000
13000
14000
15000
16000
17000
18000
19000
20000
21000
22000
23000
24000
25000
26000
27000
28000
29000
30000
31000
32000
33000
34000
35000
36000
37000
38000
39000
40000
41000
Currently on spaced seed: 1.111111.1
1000
2000
3000
4000
5000
6000
7000
8000
9000
10000
11000
12000
13000
14000
15000
16000
17000
18000
19000
20000
21000
22000
23000
24000
25000
26000
27000
28000
29000
30000
31000
32000
33000
34000
35000
36000
37000
38000
39000
40000
41000
Currently on spaced seed: 11..111111
1000
2000
3000
4000
5000
6000
7000
8000
9000
10000
11000
12000
13000
14000
15000
16000
17000
18000
19000
20000
21000
22000
23000
24000
25000
26000
27000
28000
29000
30000
31000
32000
33000
34000
35000
36000
37000
38000
39000
40000
41000
Currently on spaced seed: 11.1.11111
1000
2000
3000
4000
5000
6000
7000
8000
9000
10000
11000
12000
13000
14000
15000
16000
17000
18000
19000
20000
21000
22000
23000
24000
25000
26000
27000
28000
29000
30000
31000
32000
33000
34000
35000
36000
37000
38000
39000
40000
41000
Currently on spaced seed: 11.11.1111
1000
2000
3000
4000
5000
6000
7000
8000
9000
10000
11000
12000
13000
14000
15000
16000
17000
18000
19000
20000
21000
22000
23000
24000
25000
26000
27000
28000
29000
30000
31000
32000
33000
34000
35000
36000
37000
38000
39000
40000
41000
Currently on spaced seed: 11.111.111
1000
2000
3000
4000
5000
6000
7000
8000
9000
10000
11000
12000
13000
14000
15000
16000
17000
18000
19000
20000
21000
22000
23000
24000
25000
26000
27000
28000
29000
30000
31000
32000
33000
34000
35000
36000
37000
38000
39000
40000
41000
Currently on spaced seed: 11.1111.11
1000
2000
3000
4000
5000
6000
7000
8000
9000
10000
11000
12000
13000
14000
15000
16000
17000
18000
19000
20000
21000
22000
23000
24000
25000
26000
27000
28000
29000
30000
31000
32000
33000
34000
35000
36000
37000
38000
39000
40000
41000
Currently on spaced seed: 111..11111
1000
2000
3000
4000
5000
6000
7000
8000
9000
10000
11000
12000
13000
14000
15000
16000
17000
18000
19000
20000
21000
22000
23000
24000
25000
26000
27000
28000
29000
30000
31000
32000
33000
34000
35000
36000
37000
38000
39000
40000
41000
Currently on spaced seed: 111.1.1111
1000
2000
3000
4000
5000
6000
7000
8000
9000
10000
11000
12000
13000
14000
15000
16000
17000
18000
19000
20000
21000
22000
23000
24000
25000
26000
27000
28000
29000
30000
31000
32000
33000
34000
35000
36000
37000
38000
39000
40000
41000
Currently on spaced seed: 111.11.111
1000
2000
3000
4000
5000
6000
7000
8000
9000
10000
11000
12000
13000
14000
15000
16000
17000
18000
19000
20000
21000
22000
23000
24000
25000
26000
27000
28000
29000
30000
31000
32000
33000
34000
35000
36000
37000
38000
39000
40000
41000
Currently on spaced seed: 1111..1111
1000
2000
3000
4000
5000
6000
7000
8000
9000
10000
11000
12000
13000
14000
15000
16000
17000
18000
19000
20000
21000
22000
23000
24000
25000
26000
27000
28000
29000
30000
31000
32000
33000
34000
35000
36000
37000
38000
39000
40000
41000
Finding top 3 seeds.
Currently on element ranked:	1
CGAGCTCG	0.436292400171748
Currently on element ranked:	2
TCG..TGTCA	0.419834621993127
Currently on element ranked:	3
GC.AGCT.GC	0.419686307251908
AAAAAAAA AAAAAAAC AAAAAAAG AAAAAAAT AAAAAACA AAAAAACC AAAAAACG AAAAAACT 
       1    16385    32769    49153     4097    20481    36865    53249 
AAAAAAGA AAAAAAGC 
    8193    24577 
It.    0, RSS =    19742.5, Par. =    2.21455    2.88162    1.71926   0.774717    1.43991   0.763553   0.539485    2.58623    1.82007    3.47979    1.97642    2.50436    2.57712    1.88951    2.41132   0.271519   0.481324   0.276991    2.60821    2.78555    2.55183    2.52799    2.27167    2.22326    2.59341    2.91003   0.887455    1.84831     3.0967    2.54186          2
It.    1, RSS =    19295.3, Par. =   -1.58772   -1.50258   -1.18199  -0.414481  -0.453352 -0.0593249  -0.735544   -1.88533     -1.488  -0.420588  -0.415278  -0.949663   0.272166  -0.430616   -1.01557  -0.395963  -0.528589  -0.263787   0.697458  -0.105029  -0.699672   -1.26298  -0.819117   -1.39761  -0.729005  0.0289686  0.0347781   -1.09135   -1.57764   -0.24556   -3.17328
It.    2, RSS =    19161.2, Par. =   0.392993   0.264647    2.16156     2.5115   0.140982    1.82368   -1.83395    1.00244  -0.626615   -0.87488   0.444023 -0.0520679   -2.00955   -3.59768   -2.91712   0.587077   -1.63978    2.61972   0.472591  -0.892128    1.60172 -0.00760758   -4.01571   -1.92673 -0.0847051   -2.76979    1.18272      1.148     0.7401    2.42299  -0.831696
It.    3, RSS =    17495.7, Par. =   -1.66429   0.182365    1.24198    2.04216     1.6211    1.99368   -1.16167   -2.52517   -2.96534    0.19932    -1.2967   -3.45326   -2.29207   -2.45171  -0.204255   0.615578   -1.82196   0.738297   0.198743    -2.9364   -2.33099    1.08173   -1.49218   0.195235     1.2188    0.14832   0.302795      3.819    2.01854    1.04616   -1.17084
It.    4, RSS =    16786.6, Par. =   -1.57397   0.632042    1.96714    2.80667    1.72022    1.24262   -1.40574   -1.67387   -2.62631  0.0100822  -0.574224   -3.02651   -2.73356   -1.93619  0.0726779   0.769673   -1.84383    1.08065   -0.53263   -1.91855   -1.75206    1.35647   -2.05044   0.618259    1.27881   0.163272   0.737249    3.77187     1.9823    1.86404   -1.22747
It.    5, RSS =    16386.1, Par. =   -1.95902   0.954242    2.33381    2.94417    1.97008    1.16106   -1.51286   -1.78049   -2.69446  -0.187059  -0.710886   -2.52578   -2.93081   -1.74314   -0.04849   0.909238   -1.63857    1.06067  -0.635991   -1.74985   -1.30296   0.765601   -1.46129  0.0582462      0.626   0.428299   0.434211    3.62954    1.97916    1.14175   -1.14878
It.    6, RSS =    16042.3, Par. =   -1.72554    1.12917    2.22326    2.89795    2.05223    1.32358   -1.35824   -1.93635   -2.59471 -0.0401274  -0.791604   -2.19447   -2.91582   -1.58156    0.13581    1.11066   -1.55718    1.31442  -0.538398   -1.45313   -1.01314   0.451274   -1.13439   0.187445   0.310984   0.460155    0.70161    3.28084     1.7521    1.41275   -1.26637
It.    7, RSS =    15945.5, Par. =   -1.90554    1.30404    2.15417    2.82963    2.20716     1.3246   -1.50834   -2.13908   -2.46182  -0.297057  -0.777839    -1.8945   -2.79154   -1.44218 -0.0186595   0.956254   -1.45381    1.23997  -0.649092    -1.2637  -0.691555   0.337204  -0.782275  0.00637618  0.0906443   0.432391   0.365461    3.08675    1.55309   0.930433    -1.1768
It.    8, RSS =    15687.3, Par. =   -1.79079    1.27957    2.08044    2.78211    2.16951    1.40585   -1.41589   -2.16386   -2.45724  -0.196288  -0.817321   -1.86436   -2.80061   -1.45498  0.0997658    1.04543   -1.47033    1.36172  -0.547944   -1.25378  -0.678151   0.279576  -0.749891   0.113195  0.0307259   0.394465   0.504326    2.95013    1.48542    1.08126   -1.23076
It.    9, RSS =    15590.1, Par. =   -1.78362    1.33013    2.01451    2.77462      2.209     1.3601   -1.45633   -2.18507   -2.36154  -0.260975  -0.793325   -1.68581   -2.69979   -1.34884  0.0856235   0.983778    -1.3826    1.36956  -0.558026   -1.15173  -0.526482   0.292697  -0.549994   0.100624 -0.0430815   0.347745   0.421446    2.74744    1.39297    0.99573   -1.21262
It.   10, RSS =    15433.2, Par. =   -1.62249    1.27321    1.73461     2.5952    2.10612     1.2842   -1.40909    -2.2057   -2.24433  -0.230708  -0.784861   -1.40511   -2.47149   -1.24166   0.138388   0.956159   -1.24039    1.41649  -0.436799   -1.00035  -0.369216   0.325722  -0.266208   0.170242  -0.194495    0.17513   0.324218    2.27416    1.14793   0.846933    -1.1899
It.   11, RSS =    15280.7, Par. =   -1.32794    1.09814    1.32443    2.20766    1.71964   0.828202   -1.32601   -1.90653   -1.91612  -0.201964  -0.561913  -0.887116   -1.81656  -0.842933    0.11335   0.734164  -0.831542    1.22378  -0.343991  -0.650245 -0.0344395   0.486642   0.117642   0.275629    -0.2811 -0.0492377  0.0506013    1.63138   0.813853    0.41207    -1.0456
It.   12, RSS =      15229, Par. =  -0.965409   0.932191    1.01159     1.7481    1.32373   0.661022    -1.0767   -1.73245   -1.72557 -0.0493719  -0.573934  -0.719815   -1.48288  -0.834047   0.141095   0.734318  -0.641521    1.19988   -0.26609  -0.508305 -0.0697532   0.401503  0.0813812   0.309868  -0.304674  -0.140296  0.0868154    1.41799   0.702597   0.350751   -0.99346
It.   13, RSS =    14889.6, Par. =  -0.995444   0.961984    1.04398    1.78312    1.35168   0.633114   -1.10691   -1.70267    -1.6978 -0.0810463  -0.544918  -0.693572   -1.45499  -0.802498   0.114531   0.704851  -0.612465    1.17313  -0.297091  -0.481711 -0.0392641   0.432417   0.107841   0.283232  -0.280018  -0.119492  0.0522304    1.44574   0.728492   0.314979  -0.986455
It.   14, RSS =    14859.6, Par. =  -0.959376   0.930877    1.03047    1.70391    1.25546   0.568174   -1.09658   -1.60975   -1.63556   -0.12704  -0.486006  -0.659836   -1.34737  -0.742943  0.0667969    0.62467  -0.521472     1.0898  -0.327563  -0.441902  0.0111657   0.404458   0.100661   0.260769   -0.27891   -0.13823  0.0210593    1.39929    0.71951   0.275417  -0.932035
It.   15, RSS =  0.0415651, Par. =  -0.959376   0.930877    1.03047    1.70391    1.25546   0.568174   -1.09658   -1.60975   -1.63556   -0.12704  -0.486006  -0.659836   -1.34737  -0.742943  0.0667969    0.62467  -0.521472     1.0898  -0.327563  -0.441902  0.0111657   0.404458   0.100661   0.260769   -0.27891   -0.13823  0.0210593    1.39929    0.71951   0.275417  -0.932035
The IC threshold given would trim all PWM positions.
